<?xml version="1.0" encoding="UTF-8"?>
<testsuite name="CinemaTests" tests="1" skipped="0" failures="1" errors="0" timestamp="2022-03-02T16:05:49" hostname="kaliyas-PC" time="3.275">
  <properties/>
  <testcase name="start" classname="CinemaTests" time="3.275">
    <failure message="java.lang.AssertionError: Exception in test #1&#10;&#10;Cannot start Spring application&#10;&#10;org.springframework.beans.factory.BeanCreationException: Error creating bean with name 'seatsController' defined in file [/home/kaliya/IdeaProjects/Cinema Room REST Service/Cinema Room REST Service/task/build/classes/java/main/cinema/SeatsController.class]: Instantiation of bean failed; nested exception is org.springframework.beans.BeanInstantiationException: Failed to instantiate [cinema.SeatsController]: Constructor threw exception; nested exception is java.lang.StackOverflowError&#10;&#9;at org.springframework.beans.factory.support.AbstractAutowireCapableBeanFactory.instantiateBean(AbstractAutowireCapableBeanFactory.java:1334)&#10;&#9;at org.springframework.beans.factory.support.AbstractAutowireCapableBeanFactory.createBeanInstance(AbstractAutowireCapableBeanFactory.java:1232)&#10;&#9;at org.springframework.beans.factory.support.AbstractAutowireCapableBeanFactory.doCreateBean(AbstractAutowireCapableBeanFactory.java:582)&#10;&#9;at org.springframework.beans.factory.support.AbstractAutowireCapableBeanFactory.createBean(AbstractAutowireCapableBeanFactory.java:542)&#10;&#9;at org.springframework.beans.factory.support.AbstractBeanFactory.lambda$doGetBean$0(AbstractBeanFactory.java:335)&#10;&#9;at org.springframework.beans.factory.support.DefaultSingletonBeanRegistry.getSingleton(DefaultSingletonBeanRegistry.java:234)&#10;&#9;at org.springframework.beans.factory.support.AbstractBeanFactory.doGetBean(AbstractBeanFactory.java:333)&#10;&#9;at org.springframework.beans.factory.support.AbstractBeanFactory.getBean(AbstractBeanFactory.java:208)&#10;&#9;at org.springframework.beans.factory.support.DefaultListableBeanFactory.preInstantiateSingletons(DefaultListableBeanFactory.java:944)&#10;&#9;at org.springframework.context.support.AbstractApplicationContext.finishBeanFactoryInitialization(AbstractApplicationContext.java:918)&#10;&#9;at org.springframework.context.support.AbstractApplicationContext.refresh(AbstractApplicationContext.java:583)&#10;&#9;at org.springframework.boot.web.servlet.context.ServletWebServerApplicationContext.refresh(ServletWebServerApplicationContext.java:145)&#10;&#9;at org.springframework.boot.SpringApplication.refresh(SpringApplication.java:754)&#10;&#9;at org.springframework.boot.SpringApplication.refreshContext(SpringApplication.java:434)&#10;&#9;at org.springframework.boot.SpringApplication.run(SpringApplication.java:338)&#10;&#9;at org.springframework.boot.SpringApplication.run(SpringApplication.java:1343)&#10;&#9;at org.springframework.boot.SpringApplication.run(SpringApplication.java:1332)&#10;&#9;at cinema.Main.main(Main.java:10)&#10;&#10;Please find below the output of your program during this failed test.&#10;&#10;---&#10;&#10;[last 250 lines of output are shown, 878 skipped]&#10;&#9;at cinema.Theater.availableSeats(Theater.java:27) ~[main/:na]&#10;&#9;at cinema.Theater.&lt;init&gt;(Theater.java:20) ~[main/:na]&#10;&#9;at cinema.Theater.availableSeats(Theater.java:27) ~[main/:na]&#10;&#9;at cinema.Theater.&lt;init&gt;(Theater.java:20) ~[main/:na]&#10;&#9;at cinema.Theater.availableSeats(Theater.java:27) ~[main/:na]&#10;&#9;at cinema.Theater.&lt;init&gt;(Theater.java:20) ~[main/:na]&#10;&#9;at cinema.Theater.availableSeats(Theater.java:27) ~[main/:na]&#10;&#9;at cinema.Theater.&lt;init&gt;(Theater.java:20) ~[main/:na]&#10;&#9;at cinema.Theater.availableSeats(Theater.java:27) ~[main/:na]&#10;&#9;at cinema.Theater.&lt;init&gt;(Theater.java:20) ~[main/:na]&#10;&#9;at cinema.Theater.availableSeats(Theater.java:27) ~[main/:na]&#10;&#9;at cinema.Theater.&lt;init&gt;(Theater.java:20) ~[main/:na]&#10;&#9;at cinema.Theater.availableSeats(Theater.java:27) ~[main/:na]&#10;&#9;at cinema.Theater.&lt;init&gt;(Theater.java:20) ~[main/:na]&#10;&#9;at cinema.Theater.availableSeats(Theater.java:27) ~[main/:na]&#10;&#9;at cinema.Theater.&lt;init&gt;(Theater.java:20) ~[main/:na]&#10;&#9;at cinema.Theater.availableSeats(Theater.java:27) ~[main/:na]&#10;&#9;at cinema.Theater.&lt;init&gt;(Theater.java:20) ~[main/:na]&#10;&#9;at cinema.Theater.availableSeats(Theater.java:27) ~[main/:na]&#10;&#9;at cinema.Theater.&lt;init&gt;(Theater.java:20) ~[main/:na]&#10;&#9;at cinema.Theater.availableSeats(Theater.java:27) ~[main/:na]&#10;&#9;at cinema.Theater.&lt;init&gt;(Theater.java:20) ~[main/:na]&#10;&#9;at cinema.Theater.availableSeats(Theater.java:27) ~[main/:na]&#10;&#9;at cinema.Theater.&lt;init&gt;(Theater.java:20) ~[main/:na]&#10;&#9;at cinema.Theater.availableSeats(Theater.java:27) ~[main/:na]&#10;&#9;at cinema.Theater.&lt;init&gt;(Theater.java:20) ~[main/:na]&#10;&#9;at cinema.Theater.availableSeats(Theater.java:27) ~[main/:na]&#10;&#9;at cinema.Theater.&lt;init&gt;(Theater.java:20) ~[main/:na]&#10;&#9;at cinema.Theater.availableSeats(Theater.java:27) ~[main/:na]&#10;&#9;at cinema.Theater.&lt;init&gt;(Theater.java:20) ~[main/:na]&#10;&#9;at cinema.Theater.availableSeats(Theater.java:27) ~[main/:na]&#10;&#9;at cinema.Theater.&lt;init&gt;(Theater.java:20) ~[main/:na]&#10;&#9;at cinema.Theater.availableSeats(Theater.java:27) ~[main/:na]&#10;&#9;at cinema.Theater.&lt;init&gt;(Theater.java:20) ~[main/:na]&#10;&#9;at cinema.Theater.availableSeats(Theater.java:27) ~[main/:na]&#10;&#9;at cinema.Theater.&lt;init&gt;(Theater.java:20) ~[main/:na]&#10;&#9;at cinema.Theater.availableSeats(Theater.java:27) ~[main/:na]&#10;&#9;at cinema.Theater.&lt;init&gt;(Theater.java:20) ~[main/:na]&#10;&#9;at cinema.Theater.availableSeats(Theater.java:27) ~[main/:na]&#10;&#9;at cinema.Theater.&lt;init&gt;(Theater.java:20) ~[main/:na]&#10;&#9;at cinema.Theater.availableSeats(Theater.java:27) ~[main/:na]&#10;&#9;at cinema.Theater.&lt;init&gt;(Theater.java:20) ~[main/:na]&#10;&#9;at cinema.Theater.availableSeats(Theater.java:27) ~[main/:na]&#10;&#9;at cinema.Theater.&lt;init&gt;(Theater.java:20) ~[main/:na]&#10;&#9;at cinema.Theater.availableSeats(Theater.java:27) ~[main/:na]&#10;&#9;at cinema.Theater.&lt;init&gt;(Theater.java:20) ~[main/:na]&#10;&#9;at cinema.Theater.availableSeats(Theater.java:27) ~[main/:na]&#10;&#9;at cinema.Theater.&lt;init&gt;(Theater.java:20) ~[main/:na]&#10;&#9;at cinema.Theater.availableSeats(Theater.java:27) ~[main/:na]&#10;&#9;at cinema.Theater.&lt;init&gt;(Theater.java:20) ~[main/:na]&#10;&#9;at cinema.Theater.availableSeats(Theater.java:27) ~[main/:na]&#10;&#9;at cinema.Theater.&lt;init&gt;(Theater.java:20) ~[main/:na]&#10;&#9;at cinema.Theater.availableSeats(Theater.java:27) ~[main/:na]&#10;&#9;at cinema.Theater.&lt;init&gt;(Theater.java:20) ~[main/:na]&#10;&#9;at cinema.Theater.availableSeats(Theater.java:27) ~[main/:na]&#10;&#9;at cinema.Theater.&lt;init&gt;(Theater.java:20) ~[main/:na]&#10;&#9;at cinema.Theater.availableSeats(Theater.java:27) ~[main/:na]&#10;&#9;at cinema.Theater.&lt;init&gt;(Theater.java:20) ~[main/:na]&#10;&#9;at cinema.Theater.availableSeats(Theater.java:27) ~[main/:na]&#10;&#9;at cinema.Theater.&lt;init&gt;(Theater.java:20) ~[main/:na]&#10;&#9;at cinema.Theater.availableSeats(Theater.java:27) ~[main/:na]&#10;&#9;at cinema.Theater.&lt;init&gt;(Theater.java:20) ~[main/:na]&#10;&#9;at cinema.Theater.availableSeats(Theater.java:27) ~[main/:na]&#10;&#9;at cinema.Theater.&lt;init&gt;(Theater.java:20) ~[main/:na]&#10;&#9;at cinema.Theater.availableSeats(Theater.java:27) ~[main/:na]&#10;&#9;at cinema.Theater.&lt;init&gt;(Theater.java:20) ~[main/:na]&#10;&#9;at cinema.Theater.availableSeats(Theater.java:27) ~[main/:na]&#10;&#9;at cinema.Theater.&lt;init&gt;(Theater.java:20) ~[main/:na]&#10;&#9;at cinema.Theater.availableSeats(Theater.java:27) ~[main/:na]&#10;&#9;at cinema.Theater.&lt;init&gt;(Theater.java:20) ~[main/:na]&#10;&#9;at cinema.Theater.availableSeats(Theater.java:27) ~[main/:na]&#10;&#9;at cinema.Theater.&lt;init&gt;(Theater.java:20) ~[main/:na]&#10;&#9;at cinema.Theater.availableSeats(Theater.java:27) ~[main/:na]&#10;&#9;at cinema.Theater.&lt;init&gt;(Theater.java:20) ~[main/:na]&#10;&#9;at cinema.Theater.availableSeats(Theater.java:27) ~[main/:na]&#10;&#9;at cinema.Theater.&lt;init&gt;(Theater.java:20) ~[main/:na]&#10;&#9;at cinema.Theater.availableSeats(Theater.java:27) ~[main/:na]&#10;&#9;at cinema.Theater.&lt;init&gt;(Theater.java:20) ~[main/:na]&#10;&#9;at cinema.Theater.availableSeats(Theater.java:27) ~[main/:na]&#10;&#9;at cinema.Theater.&lt;init&gt;(Theater.java:20) ~[main/:na]&#10;&#9;at cinema.Theater.availableSeats(Theater.java:27) ~[main/:na]&#10;&#9;at cinema.Theater.&lt;init&gt;(Theater.java:20) ~[main/:na]&#10;&#9;at cinema.Theater.availableSeats(Theater.java:27) ~[main/:na]&#10;&#9;at cinema.Theater.&lt;init&gt;(Theater.java:20) ~[main/:na]&#10;&#9;at cinema.Theater.availableSeats(Theater.java:27) ~[main/:na]&#10;&#9;at cinema.Theater.&lt;init&gt;(Theater.java:20) ~[main/:na]&#10;&#9;at cinema.Theater.availableSeats(Theater.java:27) ~[main/:na]&#10;&#9;at cinema.Theater.&lt;init&gt;(Theater.java:20) ~[main/:na]&#10;&#9;at cinema.Theater.availableSeats(Theater.java:27) ~[main/:na]&#10;&#9;at cinema.Theater.&lt;init&gt;(Theater.java:20) ~[main/:na]&#10;&#9;at cinema.Theater.availableSeats(Theater.java:27) ~[main/:na]&#10;&#9;at cinema.Theater.&lt;init&gt;(Theater.java:20) ~[main/:na]&#10;&#9;at cinema.Theater.availableSeats(Theater.java:27) ~[main/:na]&#10;&#9;at cinema.Theater.&lt;init&gt;(Theater.java:20) ~[main/:na]&#10;&#9;at cinema.Theater.availableSeats(Theater.java:27) ~[main/:na]&#10;&#9;at cinema.Theater.&lt;init&gt;(Theater.java:20) ~[main/:na]&#10;&#9;at cinema.Theater.availableSeats(Theater.java:27) ~[main/:na]&#10;&#9;at cinema.Theater.&lt;init&gt;(Theater.java:20) ~[main/:na]&#10;&#9;at cinema.Theater.availableSeats(Theater.java:27) ~[main/:na]&#10;&#9;at cinema.Theater.&lt;init&gt;(Theater.java:20) ~[main/:na]&#10;&#9;at cinema.Theater.availableSeats(Theater.java:27) ~[main/:na]&#10;&#9;at cinema.Theater.&lt;init&gt;(Theater.java:20) ~[main/:na]&#10;&#9;at cinema.Theater.availableSeats(Theater.java:27) ~[main/:na]&#10;&#9;at cinema.Theater.&lt;init&gt;(Theater.java:20) ~[main/:na]&#10;&#9;at cinema.Theater.availableSeats(Theater.java:27) ~[main/:na]&#10;&#9;at cinema.Theater.&lt;init&gt;(Theater.java:20) ~[main/:na]&#10;&#9;at cinema.Theater.availableSeats(Theater.java:27) ~[main/:na]&#10;&#9;at cinema.Theater.&lt;init&gt;(Theater.java:20) ~[main/:na]&#10;&#9;at cinema.Theater.availableSeats(Theater.java:27) ~[main/:na]&#10;&#9;at cinema.Theater.&lt;init&gt;(Theater.java:20) ~[main/:na]&#10;&#9;at cinema.Theater.availableSeats(Theater.java:27) ~[main/:na]&#10;&#9;at cinema.Theater.&lt;init&gt;(Theater.java:20) ~[main/:na]&#10;&#9;at cinema.Theater.availableSeats(Theater.java:27) ~[main/:na]&#10;&#9;at cinema.Theater.&lt;init&gt;(Theater.java:20) ~[main/:na]&#10;&#9;at cinema.Theater.availableSeats(Theater.java:27) ~[main/:na]&#10;&#9;at cinema.Theater.&lt;init&gt;(Theater.java:20) ~[main/:na]&#10;&#9;at cinema.Theater.availableSeats(Theater.java:27) ~[main/:na]&#10;&#9;at cinema.Theater.&lt;init&gt;(Theater.java:20) ~[main/:na]&#10;&#9;at cinema.Theater.availableSeats(Theater.java:27) ~[main/:na]&#10;&#9;at cinema.Theater.&lt;init&gt;(Theater.java:20) ~[main/:na]&#10;&#9;at cinema.Theater.availableSeats(Theater.java:27) ~[main/:na]&#10;&#9;at cinema.Theater.&lt;init&gt;(Theater.java:20) ~[main/:na]&#10;&#9;at cinema.Theater.availableSeats(Theater.java:27) ~[main/:na]&#10;&#9;at cinema.Theater.&lt;init&gt;(Theater.java:20) ~[main/:na]&#10;&#9;at cinema.Theater.availableSeats(Theater.java:27) ~[main/:na]&#10;&#9;at cinema.Theater.&lt;init&gt;(Theater.java:20) ~[main/:na]&#10;&#9;at cinema.Theater.availableSeats(Theater.java:27) ~[main/:na]&#10;&#9;at cinema.Theater.&lt;init&gt;(Theater.java:20) ~[main/:na]&#10;&#9;at cinema.Theater.availableSeats(Theater.java:27) ~[main/:na]&#10;&#9;at cinema.Theater.&lt;init&gt;(Theater.java:20) ~[main/:na]&#10;&#9;at cinema.Theater.availableSeats(Theater.java:27) ~[main/:na]&#10;&#9;at cinema.Theater.&lt;init&gt;(Theater.java:20) ~[main/:na]&#10;&#9;at cinema.Theater.availableSeats(Theater.java:27) ~[main/:na]&#10;&#9;at cinema.Theater.&lt;init&gt;(Theater.java:20) ~[main/:na]&#10;&#9;at cinema.Theater.availableSeats(Theater.java:27) ~[main/:na]&#10;&#9;at cinema.Theater.&lt;init&gt;(Theater.java:20) ~[main/:na]&#10;&#9;at cinema.Theater.availableSeats(Theater.java:27) ~[main/:na]&#10;&#9;at cinema.Theater.&lt;init&gt;(Theater.java:20) ~[main/:na]&#10;&#9;at cinema.Theater.availableSeats(Theater.java:27) ~[main/:na]&#10;&#9;at cinema.Theater.&lt;init&gt;(Theater.java:20) ~[main/:na]&#10;&#9;at cinema.Theater.availableSeats(Theater.java:27) ~[main/:na]&#10;&#9;at cinema.Theater.&lt;init&gt;(Theater.java:20) ~[main/:na]&#10;&#9;at cinema.Theater.availableSeats(Theater.java:27) ~[main/:na]&#10;&#9;at cinema.Theater.&lt;init&gt;(Theater.java:20) ~[main/:na]&#10;&#9;at cinema.Theater.availableSeats(Theater.java:27) ~[main/:na]&#10;&#9;at cinema.Theater.&lt;init&gt;(Theater.java:20) ~[main/:na]&#10;&#9;at cinema.Theater.availableSeats(Theater.java:27) ~[main/:na]&#10;&#9;at cinema.Theater.&lt;init&gt;(Theater.java:20) ~[main/:na]&#10;&#9;at cinema.Theater.availableSeats(Theater.java:27) ~[main/:na]&#10;&#9;at cinema.Theater.&lt;init&gt;(Theater.java:20) ~[main/:na]&#10;&#9;at cinema.Theater.availableSeats(Theater.java:27) ~[main/:na]&#10;&#9;at cinema.Theater.&lt;init&gt;(Theater.java:20) ~[main/:na]&#10;&#9;at cinema.Theater.availableSeats(Theater.java:27) ~[main/:na]&#10;&#9;at cinema.Theater.&lt;init&gt;(Theater.java:20) ~[main/:na]&#10;&#9;at cinema.Theater.availableSeats(Theater.java:27) ~[main/:na]&#10;&#9;at cinema.Theater.&lt;init&gt;(Theater.java:20) ~[main/:na]&#10;&#9;at cinema.Theater.availableSeats(Theater.java:27) ~[main/:na]&#10;&#9;at cinema.Theater.&lt;init&gt;(Theater.java:20) ~[main/:na]&#10;&#9;at cinema.Theater.availableSeats(Theater.java:27) ~[main/:na]&#10;&#9;at cinema.Theater.&lt;init&gt;(Theater.java:20) ~[main/:na]&#10;&#9;at cinema.Theater.availableSeats(Theater.java:27) ~[main/:na]&#10;&#9;at cinema.Theater.&lt;init&gt;(Theater.java:20) ~[main/:na]&#10;&#9;at cinema.Theater.availableSeats(Theater.java:27) ~[main/:na]&#10;&#9;at cinema.Theater.&lt;init&gt;(Theater.java:20) ~[main/:na]&#10;&#9;at cinema.Theater.availableSeats(Theater.java:27) ~[main/:na]&#10;&#9;at cinema.Theater.&lt;init&gt;(Theater.java:20) ~[main/:na]&#10;&#9;at cinema.Theater.availableSeats(Theater.java:27) ~[main/:na]&#10;&#9;at cinema.Theater.&lt;init&gt;(Theater.java:20) ~[main/:na]&#10;&#9;at cinema.Theater.availableSeats(Theater.java:27) ~[main/:na]&#10;&#9;at cinema.Theater.&lt;init&gt;(Theater.java:20) ~[main/:na]&#10;&#9;at cinema.Theater.availableSeats(Theater.java:27) ~[main/:na]&#10;&#9;at cinema.Theater.&lt;init&gt;(Theater.java:20) ~[main/:na]&#10;&#9;at cinema.Theater.availableSeats(Theater.java:27) ~[main/:na]&#10;&#9;at cinema.Theater.&lt;init&gt;(Theater.java:20) ~[main/:na]&#10;&#9;at cinema.Theater.availableSeats(Theater.java:27) ~[main/:na]&#10;&#9;at cinema.Theater.&lt;init&gt;(Theater.java:20) ~[main/:na]&#10;&#9;at cinema.Theater.availableSeats(Theater.java:27) ~[main/:na]&#10;&#9;at cinema.Theater.&lt;init&gt;(Theater.java:20) ~[main/:na]&#10;&#9;at cinema.Theater.availableSeats(Theater.java:27) ~[main/:na]&#10;&#9;at cinema.Theater.&lt;init&gt;(Theater.java:20) ~[main/:na]&#10;&#9;at cinema.Theater.availableSeats(Theater.java:27) ~[main/:na]&#10;&#9;at cinema.Theater.&lt;init&gt;(Theater.java:20) ~[main/:na]&#10;&#9;at cinema.Theater.availableSeats(Theater.java:27) ~[main/:na]&#10;&#9;at cinema.Theater.&lt;init&gt;(Theater.java:20) ~[main/:na]&#10;&#9;at cinema.Theater.availableSeats(Theater.java:27) ~[main/:na]&#10;&#9;at cinema.Theater.&lt;init&gt;(Theater.java:20) ~[main/:na]&#10;&#9;at cinema.Theater.availableSeats(Theater.java:27) ~[main/:na]&#10;&#9;at cinema.Theater.&lt;init&gt;(Theater.java:20) ~[main/:na]&#10;&#9;at cinema.Theater.availableSeats(Theater.java:27) ~[main/:na]&#10;&#9;at cinema.Theater.&lt;init&gt;(Theater.java:20) ~[main/:na]&#10;&#9;at cinema.Theater.availableSeats(Theater.java:27) ~[main/:na]&#10;&#9;at cinema.Theater.&lt;init&gt;(Theater.java:20) ~[main/:na]&#10;&#9;at cinema.Theater.availableSeats(Theater.java:27) ~[main/:na]&#10;&#9;at cinema.Theater.&lt;init&gt;(Theater.java:20) ~[main/:na]&#10;&#9;at cinema.Theater.availableSeats(Theater.java:27) ~[main/:na]&#10;&#9;at cinema.Theater.&lt;init&gt;(Theater.java:20) ~[main/:na]&#10;&#9;at cinema.Theater.availableSeats(Theater.java:27) ~[main/:na]&#10;&#9;at cinema.Theater.&lt;init&gt;(Theater.java:20) ~[main/:na]&#10;&#9;at cinema.Theater.availableSeats(Theater.java:27) ~[main/:na]&#10;&#9;at cinema.Theater.&lt;init&gt;(Theater.java:20) ~[main/:na]&#10;&#9;at cinema.Theater.availableSeats(Theater.java:27) ~[main/:na]&#10;&#9;at cinema.Theater.&lt;init&gt;(Theater.java:20) ~[main/:na]&#10;&#9;at cinema.Theater.availableSeats(Theater.java:27) ~[main/:na]&#10;&#9;at cinema.Theater.&lt;init&gt;(Theater.java:20) ~[main/:na]&#10;&#9;at cinema.Theater.availableSeats(Theater.java:27) ~[main/:na]&#10;&#9;at cinema.Theater.&lt;init&gt;(Theater.java:20) ~[main/:na]&#10;&#9;at cinema.Theater.availableSeats(Theater.java:27) ~[main/:na]&#10;&#9;at cinema.Theater.&lt;init&gt;(Theater.java:20) ~[main/:na]&#10;&#9;at cinema.Theater.availableSeats(Theater.java:27) ~[main/:na]&#10;&#9;at cinema.Theater.&lt;init&gt;(Theater.java:20) ~[main/:na]&#10;&#9;at cinema.Theater.availableSeats(Theater.java:27) ~[main/:na]&#10;&#9;at cinema.Theater.&lt;init&gt;(Theater.java:20) ~[main/:na]&#10;&#9;at cinema.Theater.availableSeats(Theater.java:27) ~[main/:na]&#10;&#9;at cinema.Theater.&lt;init&gt;(Theater.java:20) ~[main/:na]&#10;&#9;at cinema.Theater.availableSeats(Theater.java:27) ~[main/:na]&#10;&#9;at cinema.Theater.&lt;init&gt;(Theater.java:20) ~[main/:na]&#10;&#9;at cinema.Theater.availableSeats(Theater.java:27) ~[main/:na]&#10;&#9;at cinema.Theater.&lt;init&gt;(Theater.java:20) ~[main/:na]&#10;&#9;at cinema.Theater.availableSeats(Theater.java:27) ~[main/:na]&#10;&#9;at cinema.Theater.&lt;init&gt;(Theater.java:20) ~[main/:na]&#10;&#9;at cinema.Theater.availableSeats(Theater.java:27) ~[main/:na]&#10;&#9;at cinema.Theater.&lt;init&gt;(Theater.java:20) ~[main/:na]&#10;&#9;at cinema.Theater.availableSeats(Theater.java:27) ~[main/:na]&#10;&#9;at cinema.Theater.&lt;init&gt;(Theater.java:20) ~[main/:na]&#10;&#9;at cinema.Theater.availableSeats(Theater.java:27) ~[main/:na]&#10;&#9;at cinema.Theater.&lt;init&gt;(Theater.java:20) ~[main/:na]&#10;&#9;at cinema.Theater.availableSeats(Theater.java:27) ~[main/:na]&#10;&#9;at cinema.Theater.&lt;init&gt;(Theater.java:20) ~[main/:na]&#10;&#9;at cinema.Theater.availableSeats(Theater.java:27) ~[main/:na]&#10;&#9;at cinema.Theater.&lt;init&gt;(Theater.java:20) ~[main/:na]&#10;&#9;at cinema.Theater.availableSeats(Theater.java:27) ~[main/:na]&#10;&#9;at cinema.Theater.&lt;init&gt;(Theater.java:20) ~[main/:na]&#10;&#9;at cinema.Theater.availableSeats(Theater.java:27) ~[main/:na]&#10;&#9;at cinema.Theater.&lt;init&gt;(Theater.java:20) ~[main/:na]&#10;&#9;at cinema.Theater.availableSeats(Theater.java:27) ~[main/:na]&#10;&#9;at cinema.Theater.&lt;init&gt;(Theater.java:20) ~[main/:na]&#10;&#9;at cinema.Theater.availableSeats(Theater.java:27) ~[main/:na]&#10;&#9;at cinema.Theater.&lt;init&gt;(Theater.java:20) ~[main/:na]&#10;&#9;at cinema.Theater.availableSeats(Theater.java:27) ~[main/:na]&#10;&#9;at cinema.Theater.&lt;init&gt;(Theater.java:20) ~[main/:na]&#10;&#9;at cinema.Theater.availableSeats(Theater.java:27) ~[main/:na]&#10;&#9;at cinema.Theater.&lt;init&gt;(Theater.java:20) ~[main/:na]&#10;&#9;at cinema.Theater.availableSeats(Theater.java:27) ~[main/:na]&#10;&#9;at cinema.Theater.&lt;init&gt;(Theater.java:20) ~[main/:na]&#10;&#9;at cinema.Theater.availableSeats(Theater.java:27) ~[main/:na]&#10;&#9;at cinema.Theater.&lt;init&gt;(Theater.java:20) ~[main/:na]&#10;&#9;at cinema.Theater.availableSeats(Theater.java:27) ~[main/:na]&#10;&#9;at cinema.Theater.&lt;init&gt;(Theater.java:20) ~[main/:na]&#10;&#9;at cinema.Theater.availableSeats(Theater.java:27) ~[main/:na]&#10;&#9;at cinema.Theater.&lt;init&gt;(Theater.java:20) ~[main/:na]" type="java.lang.AssertionError">java.lang.AssertionError: Exception in test #1

Cannot start Spring application

org.springframework.beans.factory.BeanCreationException: Error creating bean with name 'seatsController' defined in file [/home/kaliya/IdeaProjects/Cinema Room REST Service/Cinema Room REST Service/task/build/classes/java/main/cinema/SeatsController.class]: Instantiation of bean failed; nested exception is org.springframework.beans.BeanInstantiationException: Failed to instantiate [cinema.SeatsController]: Constructor threw exception; nested exception is java.lang.StackOverflowError
	at org.springframework.beans.factory.support.AbstractAutowireCapableBeanFactory.instantiateBean(AbstractAutowireCapableBeanFactory.java:1334)
	at org.springframework.beans.factory.support.AbstractAutowireCapableBeanFactory.createBeanInstance(AbstractAutowireCapableBeanFactory.java:1232)
	at org.springframework.beans.factory.support.AbstractAutowireCapableBeanFactory.doCreateBean(AbstractAutowireCapableBeanFactory.java:582)
	at org.springframework.beans.factory.support.AbstractAutowireCapableBeanFactory.createBean(AbstractAutowireCapableBeanFactory.java:542)
	at org.springframework.beans.factory.support.AbstractBeanFactory.lambda$doGetBean$0(AbstractBeanFactory.java:335)
	at org.springframework.beans.factory.support.DefaultSingletonBeanRegistry.getSingleton(DefaultSingletonBeanRegistry.java:234)
	at org.springframework.beans.factory.support.AbstractBeanFactory.doGetBean(AbstractBeanFactory.java:333)
	at org.springframework.beans.factory.support.AbstractBeanFactory.getBean(AbstractBeanFactory.java:208)
	at org.springframework.beans.factory.support.DefaultListableBeanFactory.preInstantiateSingletons(DefaultListableBeanFactory.java:944)
	at org.springframework.context.support.AbstractApplicationContext.finishBeanFactoryInitialization(AbstractApplicationContext.java:918)
	at org.springframework.context.support.AbstractApplicationContext.refresh(AbstractApplicationContext.java:583)
	at org.springframework.boot.web.servlet.context.ServletWebServerApplicationContext.refresh(ServletWebServerApplicationContext.java:145)
	at org.springframework.boot.SpringApplication.refresh(SpringApplication.java:754)
	at org.springframework.boot.SpringApplication.refreshContext(SpringApplication.java:434)
	at org.springframework.boot.SpringApplication.run(SpringApplication.java:338)
	at org.springframework.boot.SpringApplication.run(SpringApplication.java:1343)
	at org.springframework.boot.SpringApplication.run(SpringApplication.java:1332)
	at cinema.Main.main(Main.java:10)

Please find below the output of your program during this failed test.

---

[last 250 lines of output are shown, 878 skipped]
	at cinema.Theater.availableSeats(Theater.java:27) ~[main/:na]
	at cinema.Theater.&lt;init&gt;(Theater.java:20) ~[main/:na]
	at cinema.Theater.availableSeats(Theater.java:27) ~[main/:na]
	at cinema.Theater.&lt;init&gt;(Theater.java:20) ~[main/:na]
	at cinema.Theater.availableSeats(Theater.java:27) ~[main/:na]
	at cinema.Theater.&lt;init&gt;(Theater.java:20) ~[main/:na]
	at cinema.Theater.availableSeats(Theater.java:27) ~[main/:na]
	at cinema.Theater.&lt;init&gt;(Theater.java:20) ~[main/:na]
	at cinema.Theater.availableSeats(Theater.java:27) ~[main/:na]
	at cinema.Theater.&lt;init&gt;(Theater.java:20) ~[main/:na]
	at cinema.Theater.availableSeats(Theater.java:27) ~[main/:na]
	at cinema.Theater.&lt;init&gt;(Theater.java:20) ~[main/:na]
	at cinema.Theater.availableSeats(Theater.java:27) ~[main/:na]
	at cinema.Theater.&lt;init&gt;(Theater.java:20) ~[main/:na]
	at cinema.Theater.availableSeats(Theater.java:27) ~[main/:na]
	at cinema.Theater.&lt;init&gt;(Theater.java:20) ~[main/:na]
	at cinema.Theater.availableSeats(Theater.java:27) ~[main/:na]
	at cinema.Theater.&lt;init&gt;(Theater.java:20) ~[main/:na]
	at cinema.Theater.availableSeats(Theater.java:27) ~[main/:na]
	at cinema.Theater.&lt;init&gt;(Theater.java:20) ~[main/:na]
	at cinema.Theater.availableSeats(Theater.java:27) ~[main/:na]
	at cinema.Theater.&lt;init&gt;(Theater.java:20) ~[main/:na]
	at cinema.Theater.availableSeats(Theater.java:27) ~[main/:na]
	at cinema.Theater.&lt;init&gt;(Theater.java:20) ~[main/:na]
	at cinema.Theater.availableSeats(Theater.java:27) ~[main/:na]
	at cinema.Theater.&lt;init&gt;(Theater.java:20) ~[main/:na]
	at cinema.Theater.availableSeats(Theater.java:27) ~[main/:na]
	at cinema.Theater.&lt;init&gt;(Theater.java:20) ~[main/:na]
	at cinema.Theater.availableSeats(Theater.java:27) ~[main/:na]
	at cinema.Theater.&lt;init&gt;(Theater.java:20) ~[main/:na]
	at cinema.Theater.availableSeats(Theater.java:27) ~[main/:na]
	at cinema.Theater.&lt;init&gt;(Theater.java:20) ~[main/:na]
	at cinema.Theater.availableSeats(Theater.java:27) ~[main/:na]
	at cinema.Theater.&lt;init&gt;(Theater.java:20) ~[main/:na]
	at cinema.Theater.availableSeats(Theater.java:27) ~[main/:na]
	at cinema.Theater.&lt;init&gt;(Theater.java:20) ~[main/:na]
	at cinema.Theater.availableSeats(Theater.java:27) ~[main/:na]
	at cinema.Theater.&lt;init&gt;(Theater.java:20) ~[main/:na]
	at cinema.Theater.availableSeats(Theater.java:27) ~[main/:na]
	at cinema.Theater.&lt;init&gt;(Theater.java:20) ~[main/:na]
	at cinema.Theater.availableSeats(Theater.java:27) ~[main/:na]
	at cinema.Theater.&lt;init&gt;(Theater.java:20) ~[main/:na]
	at cinema.Theater.availableSeats(Theater.java:27) ~[main/:na]
	at cinema.Theater.&lt;init&gt;(Theater.java:20) ~[main/:na]
	at cinema.Theater.availableSeats(Theater.java:27) ~[main/:na]
	at cinema.Theater.&lt;init&gt;(Theater.java:20) ~[main/:na]
	at cinema.Theater.availableSeats(Theater.java:27) ~[main/:na]
	at cinema.Theater.&lt;init&gt;(Theater.java:20) ~[main/:na]
	at cinema.Theater.availableSeats(Theater.java:27) ~[main/:na]
	at cinema.Theater.&lt;init&gt;(Theater.java:20) ~[main/:na]
	at cinema.Theater.availableSeats(Theater.java:27) ~[main/:na]
	at cinema.Theater.&lt;init&gt;(Theater.java:20) ~[main/:na]
	at cinema.Theater.availableSeats(Theater.java:27) ~[main/:na]
	at cinema.Theater.&lt;init&gt;(Theater.java:20) ~[main/:na]
	at cinema.Theater.availableSeats(Theater.java:27) ~[main/:na]
	at cinema.Theater.&lt;init&gt;(Theater.java:20) ~[main/:na]
	at cinema.Theater.availableSeats(Theater.java:27) ~[main/:na]
	at cinema.Theater.&lt;init&gt;(Theater.java:20) ~[main/:na]
	at cinema.Theater.availableSeats(Theater.java:27) ~[main/:na]
	at cinema.Theater.&lt;init&gt;(Theater.java:20) ~[main/:na]
	at cinema.Theater.availableSeats(Theater.java:27) ~[main/:na]
	at cinema.Theater.&lt;init&gt;(Theater.java:20) ~[main/:na]
	at cinema.Theater.availableSeats(Theater.java:27) ~[main/:na]
	at cinema.Theater.&lt;init&gt;(Theater.java:20) ~[main/:na]
	at cinema.Theater.availableSeats(Theater.java:27) ~[main/:na]
	at cinema.Theater.&lt;init&gt;(Theater.java:20) ~[main/:na]
	at cinema.Theater.availableSeats(Theater.java:27) ~[main/:na]
	at cinema.Theater.&lt;init&gt;(Theater.java:20) ~[main/:na]
	at cinema.Theater.availableSeats(Theater.java:27) ~[main/:na]
	at cinema.Theater.&lt;init&gt;(Theater.java:20) ~[main/:na]
	at cinema.Theater.availableSeats(Theater.java:27) ~[main/:na]
	at cinema.Theater.&lt;init&gt;(Theater.java:20) ~[main/:na]
	at cinema.Theater.availableSeats(Theater.java:27) ~[main/:na]
	at cinema.Theater.&lt;init&gt;(Theater.java:20) ~[main/:na]
	at cinema.Theater.availableSeats(Theater.java:27) ~[main/:na]
	at cinema.Theater.&lt;init&gt;(Theater.java:20) ~[main/:na]
	at cinema.Theater.availableSeats(Theater.java:27) ~[main/:na]
	at cinema.Theater.&lt;init&gt;(Theater.java:20) ~[main/:na]
	at cinema.Theater.availableSeats(Theater.java:27) ~[main/:na]
	at cinema.Theater.&lt;init&gt;(Theater.java:20) ~[main/:na]
	at cinema.Theater.availableSeats(Theater.java:27) ~[main/:na]
	at cinema.Theater.&lt;init&gt;(Theater.java:20) ~[main/:na]
	at cinema.Theater.availableSeats(Theater.java:27) ~[main/:na]
	at cinema.Theater.&lt;init&gt;(Theater.java:20) ~[main/:na]
	at cinema.Theater.availableSeats(Theater.java:27) ~[main/:na]
	at cinema.Theater.&lt;init&gt;(Theater.java:20) ~[main/:na]
	at cinema.Theater.availableSeats(Theater.java:27) ~[main/:na]
	at cinema.Theater.&lt;init&gt;(Theater.java:20) ~[main/:na]
	at cinema.Theater.availableSeats(Theater.java:27) ~[main/:na]
	at cinema.Theater.&lt;init&gt;(Theater.java:20) ~[main/:na]
	at cinema.Theater.availableSeats(Theater.java:27) ~[main/:na]
	at cinema.Theater.&lt;init&gt;(Theater.java:20) ~[main/:na]
	at cinema.Theater.availableSeats(Theater.java:27) ~[main/:na]
	at cinema.Theater.&lt;init&gt;(Theater.java:20) ~[main/:na]
	at cinema.Theater.availableSeats(Theater.java:27) ~[main/:na]
	at cinema.Theater.&lt;init&gt;(Theater.java:20) ~[main/:na]
	at cinema.Theater.availableSeats(Theater.java:27) ~[main/:na]
	at cinema.Theater.&lt;init&gt;(Theater.java:20) ~[main/:na]
	at cinema.Theater.availableSeats(Theater.java:27) ~[main/:na]
	at cinema.Theater.&lt;init&gt;(Theater.java:20) ~[main/:na]
	at cinema.Theater.availableSeats(Theater.java:27) ~[main/:na]
	at cinema.Theater.&lt;init&gt;(Theater.java:20) ~[main/:na]
	at cinema.Theater.availableSeats(Theater.java:27) ~[main/:na]
	at cinema.Theater.&lt;init&gt;(Theater.java:20) ~[main/:na]
	at cinema.Theater.availableSeats(Theater.java:27) ~[main/:na]
	at cinema.Theater.&lt;init&gt;(Theater.java:20) ~[main/:na]
	at cinema.Theater.availableSeats(Theater.java:27) ~[main/:na]
	at cinema.Theater.&lt;init&gt;(Theater.java:20) ~[main/:na]
	at cinema.Theater.availableSeats(Theater.java:27) ~[main/:na]
	at cinema.Theater.&lt;init&gt;(Theater.java:20) ~[main/:na]
	at cinema.Theater.availableSeats(Theater.java:27) ~[main/:na]
	at cinema.Theater.&lt;init&gt;(Theater.java:20) ~[main/:na]
	at cinema.Theater.availableSeats(Theater.java:27) ~[main/:na]
	at cinema.Theater.&lt;init&gt;(Theater.java:20) ~[main/:na]
	at cinema.Theater.availableSeats(Theater.java:27) ~[main/:na]
	at cinema.Theater.&lt;init&gt;(Theater.java:20) ~[main/:na]
	at cinema.Theater.availableSeats(Theater.java:27) ~[main/:na]
	at cinema.Theater.&lt;init&gt;(Theater.java:20) ~[main/:na]
	at cinema.Theater.availableSeats(Theater.java:27) ~[main/:na]
	at cinema.Theater.&lt;init&gt;(Theater.java:20) ~[main/:na]
	at cinema.Theater.availableSeats(Theater.java:27) ~[main/:na]
	at cinema.Theater.&lt;init&gt;(Theater.java:20) ~[main/:na]
	at cinema.Theater.availableSeats(Theater.java:27) ~[main/:na]
	at cinema.Theater.&lt;init&gt;(Theater.java:20) ~[main/:na]
	at cinema.Theater.availableSeats(Theater.java:27) ~[main/:na]
	at cinema.Theater.&lt;init&gt;(Theater.java:20) ~[main/:na]
	at cinema.Theater.availableSeats(Theater.java:27) ~[main/:na]
	at cinema.Theater.&lt;init&gt;(Theater.java:20) ~[main/:na]
	at cinema.Theater.availableSeats(Theater.java:27) ~[main/:na]
	at cinema.Theater.&lt;init&gt;(Theater.java:20) ~[main/:na]
	at cinema.Theater.availableSeats(Theater.java:27) ~[main/:na]
	at cinema.Theater.&lt;init&gt;(Theater.java:20) ~[main/:na]
	at cinema.Theater.availableSeats(Theater.java:27) ~[main/:na]
	at cinema.Theater.&lt;init&gt;(Theater.java:20) ~[main/:na]
	at cinema.Theater.availableSeats(Theater.java:27) ~[main/:na]
	at cinema.Theater.&lt;init&gt;(Theater.java:20) ~[main/:na]
	at cinema.Theater.availableSeats(Theater.java:27) ~[main/:na]
	at cinema.Theater.&lt;init&gt;(Theater.java:20) ~[main/:na]
	at cinema.Theater.availableSeats(Theater.java:27) ~[main/:na]
	at cinema.Theater.&lt;init&gt;(Theater.java:20) ~[main/:na]
	at cinema.Theater.availableSeats(Theater.java:27) ~[main/:na]
	at cinema.Theater.&lt;init&gt;(Theater.java:20) ~[main/:na]
	at cinema.Theater.availableSeats(Theater.java:27) ~[main/:na]
	at cinema.Theater.&lt;init&gt;(Theater.java:20) ~[main/:na]
	at cinema.Theater.availableSeats(Theater.java:27) ~[main/:na]
	at cinema.Theater.&lt;init&gt;(Theater.java:20) ~[main/:na]
	at cinema.Theater.availableSeats(Theater.java:27) ~[main/:na]
	at cinema.Theater.&lt;init&gt;(Theater.java:20) ~[main/:na]
	at cinema.Theater.availableSeats(Theater.java:27) ~[main/:na]
	at cinema.Theater.&lt;init&gt;(Theater.java:20) ~[main/:na]
	at cinema.Theater.availableSeats(Theater.java:27) ~[main/:na]
	at cinema.Theater.&lt;init&gt;(Theater.java:20) ~[main/:na]
	at cinema.Theater.availableSeats(Theater.java:27) ~[main/:na]
	at cinema.Theater.&lt;init&gt;(Theater.java:20) ~[main/:na]
	at cinema.Theater.availableSeats(Theater.java:27) ~[main/:na]
	at cinema.Theater.&lt;init&gt;(Theater.java:20) ~[main/:na]
	at cinema.Theater.availableSeats(Theater.java:27) ~[main/:na]
	at cinema.Theater.&lt;init&gt;(Theater.java:20) ~[main/:na]
	at cinema.Theater.availableSeats(Theater.java:27) ~[main/:na]
	at cinema.Theater.&lt;init&gt;(Theater.java:20) ~[main/:na]
	at cinema.Theater.availableSeats(Theater.java:27) ~[main/:na]
	at cinema.Theater.&lt;init&gt;(Theater.java:20) ~[main/:na]
	at cinema.Theater.availableSeats(Theater.java:27) ~[main/:na]
	at cinema.Theater.&lt;init&gt;(Theater.java:20) ~[main/:na]
	at cinema.Theater.availableSeats(Theater.java:27) ~[main/:na]
	at cinema.Theater.&lt;init&gt;(Theater.java:20) ~[main/:na]
	at cinema.Theater.availableSeats(Theater.java:27) ~[main/:na]
	at cinema.Theater.&lt;init&gt;(Theater.java:20) ~[main/:na]
	at cinema.Theater.availableSeats(Theater.java:27) ~[main/:na]
	at cinema.Theater.&lt;init&gt;(Theater.java:20) ~[main/:na]
	at cinema.Theater.availableSeats(Theater.java:27) ~[main/:na]
	at cinema.Theater.&lt;init&gt;(Theater.java:20) ~[main/:na]
	at cinema.Theater.availableSeats(Theater.java:27) ~[main/:na]
	at cinema.Theater.&lt;init&gt;(Theater.java:20) ~[main/:na]
	at cinema.Theater.availableSeats(Theater.java:27) ~[main/:na]
	at cinema.Theater.&lt;init&gt;(Theater.java:20) ~[main/:na]
	at cinema.Theater.availableSeats(Theater.java:27) ~[main/:na]
	at cinema.Theater.&lt;init&gt;(Theater.java:20) ~[main/:na]
	at cinema.Theater.availableSeats(Theater.java:27) ~[main/:na]
	at cinema.Theater.&lt;init&gt;(Theater.java:20) ~[main/:na]
	at cinema.Theater.availableSeats(Theater.java:27) ~[main/:na]
	at cinema.Theater.&lt;init&gt;(Theater.java:20) ~[main/:na]
	at cinema.Theater.availableSeats(Theater.java:27) ~[main/:na]
	at cinema.Theater.&lt;init&gt;(Theater.java:20) ~[main/:na]
	at cinema.Theater.availableSeats(Theater.java:27) ~[main/:na]
	at cinema.Theater.&lt;init&gt;(Theater.java:20) ~[main/:na]
	at cinema.Theater.availableSeats(Theater.java:27) ~[main/:na]
	at cinema.Theater.&lt;init&gt;(Theater.java:20) ~[main/:na]
	at cinema.Theater.availableSeats(Theater.java:27) ~[main/:na]
	at cinema.Theater.&lt;init&gt;(Theater.java:20) ~[main/:na]
	at cinema.Theater.availableSeats(Theater.java:27) ~[main/:na]
	at cinema.Theater.&lt;init&gt;(Theater.java:20) ~[main/:na]
	at cinema.Theater.availableSeats(Theater.java:27) ~[main/:na]
	at cinema.Theater.&lt;init&gt;(Theater.java:20) ~[main/:na]
	at cinema.Theater.availableSeats(Theater.java:27) ~[main/:na]
	at cinema.Theater.&lt;init&gt;(Theater.java:20) ~[main/:na]
	at cinema.Theater.availableSeats(Theater.java:27) ~[main/:na]
	at cinema.Theater.&lt;init&gt;(Theater.java:20) ~[main/:na]
	at cinema.Theater.availableSeats(Theater.java:27) ~[main/:na]
	at cinema.Theater.&lt;init&gt;(Theater.java:20) ~[main/:na]
	at cinema.Theater.availableSeats(Theater.java:27) ~[main/:na]
	at cinema.Theater.&lt;init&gt;(Theater.java:20) ~[main/:na]
	at cinema.Theater.availableSeats(Theater.java:27) ~[main/:na]
	at cinema.Theater.&lt;init&gt;(Theater.java:20) ~[main/:na]
	at cinema.Theater.availableSeats(Theater.java:27) ~[main/:na]
	at cinema.Theater.&lt;init&gt;(Theater.java:20) ~[main/:na]
	at cinema.Theater.availableSeats(Theater.java:27) ~[main/:na]
	at cinema.Theater.&lt;init&gt;(Theater.java:20) ~[main/:na]
	at cinema.Theater.availableSeats(Theater.java:27) ~[main/:na]
	at cinema.Theater.&lt;init&gt;(Theater.java:20) ~[main/:na]
	at cinema.Theater.availableSeats(Theater.java:27) ~[main/:na]
	at cinema.Theater.&lt;init&gt;(Theater.java:20) ~[main/:na]
	at cinema.Theater.availableSeats(Theater.java:27) ~[main/:na]
	at cinema.Theater.&lt;init&gt;(Theater.java:20) ~[main/:na]
	at cinema.Theater.availableSeats(Theater.java:27) ~[main/:na]
	at cinema.Theater.&lt;init&gt;(Theater.java:20) ~[main/:na]
	at cinema.Theater.availableSeats(Theater.java:27) ~[main/:na]
	at cinema.Theater.&lt;init&gt;(Theater.java:20) ~[main/:na]
	at cinema.Theater.availableSeats(Theater.java:27) ~[main/:na]
	at cinema.Theater.&lt;init&gt;(Theater.java:20) ~[main/:na]
	at cinema.Theater.availableSeats(Theater.java:27) ~[main/:na]
	at cinema.Theater.&lt;init&gt;(Theater.java:20) ~[main/:na]
	at cinema.Theater.availableSeats(Theater.java:27) ~[main/:na]
	at cinema.Theater.&lt;init&gt;(Theater.java:20) ~[main/:na]
	at cinema.Theater.availableSeats(Theater.java:27) ~[main/:na]
	at cinema.Theater.&lt;init&gt;(Theater.java:20) ~[main/:na]
	at cinema.Theater.availableSeats(Theater.java:27) ~[main/:na]
	at cinema.Theater.&lt;init&gt;(Theater.java:20) ~[main/:na]
	at cinema.Theater.availableSeats(Theater.java:27) ~[main/:na]
	at cinema.Theater.&lt;init&gt;(Theater.java:20) ~[main/:na]
	at cinema.Theater.availableSeats(Theater.java:27) ~[main/:na]
	at cinema.Theater.&lt;init&gt;(Theater.java:20) ~[main/:na]
	at cinema.Theater.availableSeats(Theater.java:27) ~[main/:na]
	at cinema.Theater.&lt;init&gt;(Theater.java:20) ~[main/:na]
	at cinema.Theater.availableSeats(Theater.java:27) ~[main/:na]
	at cinema.Theater.&lt;init&gt;(Theater.java:20) ~[main/:na]
	at cinema.Theater.availableSeats(Theater.java:27) ~[main/:na]
	at cinema.Theater.&lt;init&gt;(Theater.java:20) ~[main/:na]
	at cinema.Theater.availableSeats(Theater.java:27) ~[main/:na]
	at cinema.Theater.&lt;init&gt;(Theater.java:20) ~[main/:na]
	at cinema.Theater.availableSeats(Theater.java:27) ~[main/:na]
	at cinema.Theater.&lt;init&gt;(Theater.java:20) ~[main/:na]
	at cinema.Theater.availableSeats(Theater.java:27) ~[main/:na]
	at cinema.Theater.&lt;init&gt;(Theater.java:20) ~[main/:na]
	at cinema.Theater.availableSeats(Theater.java:27) ~[main/:na]
	at cinema.Theater.&lt;init&gt;(Theater.java:20) ~[main/:na]
	at cinema.Theater.availableSeats(Theater.java:27) ~[main/:na]
	at cinema.Theater.&lt;init&gt;(Theater.java:20) ~[main/:na]
	at cinema.Theater.availableSeats(Theater.java:27) ~[main/:na]
	at cinema.Theater.&lt;init&gt;(Theater.java:20) ~[main/:na]
	at org.junit.Assert.fail(Assert.java:89)
	at org.hyperskill.hstest.stage.StageTest.start(StageTest.java:155)
	at java.base/jdk.internal.reflect.NativeMethodAccessorImpl.invoke0(Native Method)
	at java.base/jdk.internal.reflect.NativeMethodAccessorImpl.invoke(NativeMethodAccessorImpl.java:77)
	at java.base/jdk.internal.reflect.DelegatingMethodAccessorImpl.invoke(DelegatingMethodAccessorImpl.java:43)
	at java.base/java.lang.reflect.Method.invoke(Method.java:568)
	at org.junit.runners.model.FrameworkMethod$1.runReflectiveCall(FrameworkMethod.java:59)
	at org.junit.internal.runners.model.ReflectiveCallable.run(ReflectiveCallable.java:12)
	at org.junit.runners.model.FrameworkMethod.invokeExplosively(FrameworkMethod.java:56)
	at org.junit.internal.runners.statements.InvokeMethod.evaluate(InvokeMethod.java:17)
	at org.junit.internal.runners.statements.RunAfters.evaluate(RunAfters.java:27)
	at org.junit.runners.ParentRunner$3.evaluate(ParentRunner.java:306)
	at org.junit.runners.BlockJUnit4ClassRunner$1.evaluate(BlockJUnit4ClassRunner.java:100)
	at org.junit.runners.ParentRunner.runLeaf(ParentRunner.java:366)
	at org.junit.runners.BlockJUnit4ClassRunner.runChild(BlockJUnit4ClassRunner.java:103)
	at org.junit.runners.BlockJUnit4ClassRunner.runChild(BlockJUnit4ClassRunner.java:63)
	at org.junit.runners.ParentRunner$4.run(ParentRunner.java:331)
	at org.junit.runners.ParentRunner$1.schedule(ParentRunner.java:79)
	at org.junit.runners.ParentRunner.runChildren(ParentRunner.java:329)
	at org.junit.runners.ParentRunner.access$100(ParentRunner.java:66)
	at org.junit.runners.ParentRunner$2.evaluate(ParentRunner.java:293)
	at org.junit.runners.ParentRunner$3.evaluate(ParentRunner.java:306)
	at org.junit.runners.ParentRunner.run(ParentRunner.java:413)
	at org.gradle.api.internal.tasks.testing.junit.JUnitTestClassExecutor.runTestClass(JUnitTestClassExecutor.java:110)
	at org.gradle.api.internal.tasks.testing.junit.JUnitTestClassExecutor.execute(JUnitTestClassExecutor.java:58)
	at org.gradle.api.internal.tasks.testing.junit.JUnitTestClassExecutor.execute(JUnitTestClassExecutor.java:38)
	at org.gradle.api.internal.tasks.testing.junit.AbstractJUnitTestClassProcessor.processTestClass(AbstractJUnitTestClassProcessor.java:62)
	at org.gradle.api.internal.tasks.testing.SuiteTestClassProcessor.processTestClass(SuiteTestClassProcessor.java:51)
	at java.base/jdk.internal.reflect.NativeMethodAccessorImpl.invoke0(Native Method)
	at java.base/jdk.internal.reflect.NativeMethodAccessorImpl.invoke(NativeMethodAccessorImpl.java:77)
	at java.base/jdk.internal.reflect.DelegatingMethodAccessorImpl.invoke(DelegatingMethodAccessorImpl.java:43)
	at java.base/java.lang.reflect.Method.invoke(Method.java:568)
	at org.gradle.internal.dispatch.ReflectionDispatch.dispatch(ReflectionDispatch.java:36)
	at org.gradle.internal.dispatch.ReflectionDispatch.dispatch(ReflectionDispatch.java:24)
	at org.gradle.internal.dispatch.ContextClassLoaderDispatch.dispatch(ContextClassLoaderDispatch.java:33)
	at org.gradle.internal.dispatch.ProxyDispatchAdapter$DispatchingInvocationHandler.invoke(ProxyDispatchAdapter.java:94)
	at jdk.proxy1/jdk.proxy1.$Proxy2.processTestClass(Unknown Source)
	at org.gradle.api.internal.tasks.testing.worker.TestWorker$2.run(TestWorker.java:176)
	at org.gradle.api.internal.tasks.testing.worker.TestWorker.executeAndMaintainThreadName(TestWorker.java:129)
	at org.gradle.api.internal.tasks.testing.worker.TestWorker.execute(TestWorker.java:100)
	at org.gradle.api.internal.tasks.testing.worker.TestWorker.execute(TestWorker.java:60)
	at org.gradle.process.internal.worker.child.ActionExecutionWorker.execute(ActionExecutionWorker.java:56)
	at org.gradle.process.internal.worker.child.SystemApplicationClassLoaderWorker.call(SystemApplicationClassLoaderWorker.java:133)
	at org.gradle.process.internal.worker.child.SystemApplicationClassLoaderWorker.call(SystemApplicationClassLoaderWorker.java:71)
	at worker.org.gradle.process.internal.worker.GradleWorkerMain.run(GradleWorkerMain.java:69)
	at worker.org.gradle.process.internal.worker.GradleWorkerMain.main(GradleWorkerMain.java:74)
</failure>
  </testcase>
  <system-out><![CDATA[?[1;31m
Start test 1?[0m

  .   ____          _            __ _ _
 /\\ / ___'_ __ _ _(_)_ __  __ _ \ \ \ \
( ( )\___ | '_ | '_| | '_ \/ _` | \ \ \ \
 \\/  ___)| |_)| | | | | || (_| |  ) ) ) )
  '  |____| .__|_| |_|_| |_\__, | / / / /
 =========|_|==============|___/=/_/_/_/
 :: Spring Boot ::                (v2.5.6)

2022-03-02 19:05:50.243  INFO 17733 --- [    Test worker] cinema.Main                              : Starting Main using Java 17.0.2 on kaliyas-PC with PID 17733 (started by kaliya in /home/kaliya/IdeaProjects/Cinema Room REST Service/Cinema Room REST Service/task)
2022-03-02 19:05:50.248  INFO 17733 --- [    Test worker] cinema.Main                              : No active profile set, falling back to default profiles: default
2022-03-02 19:05:52.022  INFO 17733 --- [    Test worker] o.s.b.w.embedded.tomcat.TomcatWebServer  : Tomcat initialized with port(s): 28852 (http)
2022-03-02 19:05:52.038  INFO 17733 --- [    Test worker] o.apache.catalina.core.StandardService   : Starting service [Tomcat]
2022-03-02 19:05:52.039  INFO 17733 --- [    Test worker] org.apache.catalina.core.StandardEngine  : Starting Servlet engine: [Apache Tomcat/9.0.54]
2022-03-02 19:05:52.141  INFO 17733 --- [    Test worker] o.a.c.c.C.[Tomcat].[localhost].[/]       : Initializing Spring embedded WebApplicationContext
2022-03-02 19:05:52.141  INFO 17733 --- [    Test worker] w.s.c.ServletWebServerApplicationContext : Root WebApplicationContext: initialization completed in 1826 ms
2022-03-02 19:05:52.454  WARN 17733 --- [    Test worker] ConfigServletWebServerApplicationContext : Exception encountered during context initialization - cancelling refresh attempt: org.springframework.beans.factory.BeanCreationException: Error creating bean with name 'seatsController' defined in file [/home/kaliya/IdeaProjects/Cinema Room REST Service/Cinema Room REST Service/task/build/classes/java/main/cinema/SeatsController.class]: Instantiation of bean failed; nested exception is org.springframework.beans.BeanInstantiationException: Failed to instantiate [cinema.SeatsController]: Constructor threw exception; nested exception is java.lang.StackOverflowError
2022-03-02 19:05:52.461  INFO 17733 --- [    Test worker] o.apache.catalina.core.StandardService   : Stopping service [Tomcat]
2022-03-02 19:05:52.492  INFO 17733 --- [    Test worker] ConditionEvaluationReportLoggingListener : 

Error starting ApplicationContext. To display the conditions report re-run your application with 'debug' enabled.
2022-03-02 19:05:52.525 ERROR 17733 --- [    Test worker] o.s.boot.SpringApplication               : Application run failed

org.springframework.beans.factory.BeanCreationException: Error creating bean with name 'seatsController' defined in file [/home/kaliya/IdeaProjects/Cinema Room REST Service/Cinema Room REST Service/task/build/classes/java/main/cinema/SeatsController.class]: Instantiation of bean failed; nested exception is org.springframework.beans.BeanInstantiationException: Failed to instantiate [cinema.SeatsController]: Constructor threw exception; nested exception is java.lang.StackOverflowError
	at org.springframework.beans.factory.support.AbstractAutowireCapableBeanFactory.instantiateBean(AbstractAutowireCapableBeanFactory.java:1334) ~[spring-beans-5.3.12.jar:5.3.12]
	at org.springframework.beans.factory.support.AbstractAutowireCapableBeanFactory.createBeanInstance(AbstractAutowireCapableBeanFactory.java:1232) ~[spring-beans-5.3.12.jar:5.3.12]
	at org.springframework.beans.factory.support.AbstractAutowireCapableBeanFactory.doCreateBean(AbstractAutowireCapableBeanFactory.java:582) ~[spring-beans-5.3.12.jar:5.3.12]
	at org.springframework.beans.factory.support.AbstractAutowireCapableBeanFactory.createBean(AbstractAutowireCapableBeanFactory.java:542) ~[spring-beans-5.3.12.jar:5.3.12]
	at org.springframework.beans.factory.support.AbstractBeanFactory.lambda$doGetBean$0(AbstractBeanFactory.java:335) ~[spring-beans-5.3.12.jar:5.3.12]
	at org.springframework.beans.factory.support.DefaultSingletonBeanRegistry.getSingleton(DefaultSingletonBeanRegistry.java:234) ~[spring-beans-5.3.12.jar:5.3.12]
	at org.springframework.beans.factory.support.AbstractBeanFactory.doGetBean(AbstractBeanFactory.java:333) ~[spring-beans-5.3.12.jar:5.3.12]
	at org.springframework.beans.factory.support.AbstractBeanFactory.getBean(AbstractBeanFactory.java:208) ~[spring-beans-5.3.12.jar:5.3.12]
	at org.springframework.beans.factory.support.DefaultListableBeanFactory.preInstantiateSingletons(DefaultListableBeanFactory.java:944) ~[spring-beans-5.3.12.jar:5.3.12]
	at org.springframework.context.support.AbstractApplicationContext.finishBeanFactoryInitialization(AbstractApplicationContext.java:918) ~[spring-context-5.3.12.jar:5.3.12]
	at org.springframework.context.support.AbstractApplicationContext.refresh(AbstractApplicationContext.java:583) ~[spring-context-5.3.12.jar:5.3.12]
	at org.springframework.boot.web.servlet.context.ServletWebServerApplicationContext.refresh(ServletWebServerApplicationContext.java:145) ~[spring-boot-2.5.6.jar:2.5.6]
	at org.springframework.boot.SpringApplication.refresh(SpringApplication.java:754) ~[spring-boot-2.5.6.jar:2.5.6]
	at org.springframework.boot.SpringApplication.refreshContext(SpringApplication.java:434) ~[spring-boot-2.5.6.jar:2.5.6]
	at org.springframework.boot.SpringApplication.run(SpringApplication.java:338) ~[spring-boot-2.5.6.jar:2.5.6]
	at org.springframework.boot.SpringApplication.run(SpringApplication.java:1343) ~[spring-boot-2.5.6.jar:2.5.6]
	at org.springframework.boot.SpringApplication.run(SpringApplication.java:1332) ~[spring-boot-2.5.6.jar:2.5.6]
	at cinema.Main.main(Main.java:10) ~[main/:na]
	at java.base/jdk.internal.reflect.NativeMethodAccessorImpl.invoke0(Native Method) ~[na:na]
	at java.base/jdk.internal.reflect.NativeMethodAccessorImpl.invoke(NativeMethodAccessorImpl.java:77) ~[na:na]
	at java.base/jdk.internal.reflect.DelegatingMethodAccessorImpl.invoke(DelegatingMethodAccessorImpl.java:43) ~[na:na]
	at java.base/java.lang.reflect.Method.invoke(Method.java:568) ~[na:na]
	at org.hyperskill.hstest.stage.SpringTest.startSpring(SpringTest.java:139) ~[hs-test-release-SNAPSHOT.jar:na]
	at org.hyperskill.hstest.stage.SpringTest.launchSpring(SpringTest.java:50) ~[hs-test-release-SNAPSHOT.jar:na]
	at org.hyperskill.hstest.testing.runner.SpringApplicationRunner.launchSpringBootApplication(SpringApplicationRunner.java:20) ~[hs-test-release-SNAPSHOT.jar:na]
	at org.hyperskill.hstest.testing.runner.SpringApplicationRunner.setUp(SpringApplicationRunner.java:35) ~[hs-test-release-SNAPSHOT.jar:na]
	at org.hyperskill.hstest.testing.TestRun.setUp(TestRun.java:70) ~[hs-test-release-SNAPSHOT.jar:na]
	at org.hyperskill.hstest.stage.StageTest.start(StageTest.java:111) ~[hs-test-release-SNAPSHOT.jar:na]
	at java.base/jdk.internal.reflect.NativeMethodAccessorImpl.invoke0(Native Method) ~[na:na]
	at java.base/jdk.internal.reflect.NativeMethodAccessorImpl.invoke(NativeMethodAccessorImpl.java:77) ~[na:na]
	at java.base/jdk.internal.reflect.DelegatingMethodAccessorImpl.invoke(DelegatingMethodAccessorImpl.java:43) ~[na:na]
	at java.base/java.lang.reflect.Method.invoke(Method.java:568) ~[na:na]
	at org.junit.runners.model.FrameworkMethod$1.runReflectiveCall(FrameworkMethod.java:59) ~[junit-4.13.2.jar:4.13.2]
	at org.junit.internal.runners.model.ReflectiveCallable.run(ReflectiveCallable.java:12) ~[junit-4.13.2.jar:4.13.2]
	at org.junit.runners.model.FrameworkMethod.invokeExplosively(FrameworkMethod.java:56) ~[junit-4.13.2.jar:4.13.2]
	at org.junit.internal.runners.statements.InvokeMethod.evaluate(InvokeMethod.java:17) ~[junit-4.13.2.jar:4.13.2]
	at org.junit.internal.runners.statements.RunAfters.evaluate(RunAfters.java:27) ~[junit-4.13.2.jar:4.13.2]
	at org.junit.runners.ParentRunner$3.evaluate(ParentRunner.java:306) ~[junit-4.13.2.jar:4.13.2]
	at org.junit.runners.BlockJUnit4ClassRunner$1.evaluate(BlockJUnit4ClassRunner.java:100) ~[junit-4.13.2.jar:4.13.2]
	at org.junit.runners.ParentRunner.runLeaf(ParentRunner.java:366) ~[junit-4.13.2.jar:4.13.2]
	at org.junit.runners.BlockJUnit4ClassRunner.runChild(BlockJUnit4ClassRunner.java:103) ~[junit-4.13.2.jar:4.13.2]
	at org.junit.runners.BlockJUnit4ClassRunner.runChild(BlockJUnit4ClassRunner.java:63) ~[junit-4.13.2.jar:4.13.2]
	at org.junit.runners.ParentRunner$4.run(ParentRunner.java:331) ~[junit-4.13.2.jar:4.13.2]
	at org.junit.runners.ParentRunner$1.schedule(ParentRunner.java:79) ~[junit-4.13.2.jar:4.13.2]
	at org.junit.runners.ParentRunner.runChildren(ParentRunner.java:329) ~[junit-4.13.2.jar:4.13.2]
	at org.junit.runners.ParentRunner.access$100(ParentRunner.java:66) ~[junit-4.13.2.jar:4.13.2]
	at org.junit.runners.ParentRunner$2.evaluate(ParentRunner.java:293) ~[junit-4.13.2.jar:4.13.2]
	at org.junit.runners.ParentRunner$3.evaluate(ParentRunner.java:306) ~[junit-4.13.2.jar:4.13.2]
	at org.junit.runners.ParentRunner.run(ParentRunner.java:413) ~[junit-4.13.2.jar:4.13.2]
	at org.gradle.api.internal.tasks.testing.junit.JUnitTestClassExecutor.runTestClass(JUnitTestClassExecutor.java:110) ~[na:na]
	at org.gradle.api.internal.tasks.testing.junit.JUnitTestClassExecutor.execute(JUnitTestClassExecutor.java:58) ~[na:na]
	at org.gradle.api.internal.tasks.testing.junit.JUnitTestClassExecutor.execute(JUnitTestClassExecutor.java:38) ~[na:na]
	at org.gradle.api.internal.tasks.testing.junit.AbstractJUnitTestClassProcessor.processTestClass(AbstractJUnitTestClassProcessor.java:62) ~[na:na]
	at org.gradle.api.internal.tasks.testing.SuiteTestClassProcessor.processTestClass(SuiteTestClassProcessor.java:51) ~[na:na]
	at java.base/jdk.internal.reflect.NativeMethodAccessorImpl.invoke0(Native Method) ~[na:na]
	at java.base/jdk.internal.reflect.NativeMethodAccessorImpl.invoke(NativeMethodAccessorImpl.java:77) ~[na:na]
	at java.base/jdk.internal.reflect.DelegatingMethodAccessorImpl.invoke(DelegatingMethodAccessorImpl.java:43) ~[na:na]
	at java.base/java.lang.reflect.Method.invoke(Method.java:568) ~[na:na]
	at org.gradle.internal.dispatch.ReflectionDispatch.dispatch(ReflectionDispatch.java:36) ~[na:na]
	at org.gradle.internal.dispatch.ReflectionDispatch.dispatch(ReflectionDispatch.java:24) ~[na:na]
	at org.gradle.internal.dispatch.ContextClassLoaderDispatch.dispatch(ContextClassLoaderDispatch.java:33) ~[na:na]
	at org.gradle.internal.dispatch.ProxyDispatchAdapter$DispatchingInvocationHandler.invoke(ProxyDispatchAdapter.java:94) ~[na:na]
	at jdk.proxy1/jdk.proxy1.$Proxy2.processTestClass(Unknown Source) ~[na:na]
	at org.gradle.api.internal.tasks.testing.worker.TestWorker$2.run(TestWorker.java:176) ~[na:na]
	at org.gradle.api.internal.tasks.testing.worker.TestWorker.executeAndMaintainThreadName(TestWorker.java:129) ~[na:na]
	at org.gradle.api.internal.tasks.testing.worker.TestWorker.execute(TestWorker.java:100) ~[na:na]
	at org.gradle.api.internal.tasks.testing.worker.TestWorker.execute(TestWorker.java:60) ~[na:na]
	at org.gradle.process.internal.worker.child.ActionExecutionWorker.execute(ActionExecutionWorker.java:56) ~[na:na]
	at org.gradle.process.internal.worker.child.SystemApplicationClassLoaderWorker.call(SystemApplicationClassLoaderWorker.java:133) ~[na:na]
	at org.gradle.process.internal.worker.child.SystemApplicationClassLoaderWorker.call(SystemApplicationClassLoaderWorker.java:71) ~[na:na]
	at worker.org.gradle.process.internal.worker.GradleWorkerMain.run(GradleWorkerMain.java:69) ~[gradle-worker.jar:na]
	at worker.org.gradle.process.internal.worker.GradleWorkerMain.main(GradleWorkerMain.java:74) ~[gradle-worker.jar:na]
Caused by: org.springframework.beans.BeanInstantiationException: Failed to instantiate [cinema.SeatsController]: Constructor threw exception; nested exception is java.lang.StackOverflowError
	at org.springframework.beans.BeanUtils.instantiateClass(BeanUtils.java:224) ~[spring-beans-5.3.12.jar:5.3.12]
	at org.springframework.beans.factory.support.SimpleInstantiationStrategy.instantiate(SimpleInstantiationStrategy.java:87) ~[spring-beans-5.3.12.jar:5.3.12]
	at org.springframework.beans.factory.support.AbstractAutowireCapableBeanFactory.lambda$instantiateBean$3(AbstractAutowireCapableBeanFactory.java:1322) ~[spring-beans-5.3.12.jar:5.3.12]
	at java.base/java.security.AccessController.doPrivileged(AccessController.java:399) ~[na:na]
	at org.springframework.beans.factory.support.AbstractAutowireCapableBeanFactory.instantiateBean(AbstractAutowireCapableBeanFactory.java:1321) ~[spring-beans-5.3.12.jar:5.3.12]
	... 71 common frames omitted
Caused by: java.lang.StackOverflowError: null
	at cinema.Theater.availableSeats(Theater.java:24) ~[main/:na]
	at cinema.Theater.<init>(Theater.java:20) ~[main/:na]
	at cinema.Theater.availableSeats(Theater.java:27) ~[main/:na]
	at cinema.Theater.<init>(Theater.java:20) ~[main/:na]
	at cinema.Theater.availableSeats(Theater.java:27) ~[main/:na]
	at cinema.Theater.<init>(Theater.java:20) ~[main/:na]
	at cinema.Theater.availableSeats(Theater.java:27) ~[main/:na]
	at cinema.Theater.<init>(Theater.java:20) ~[main/:na]
	at cinema.Theater.availableSeats(Theater.java:27) ~[main/:na]
	at cinema.Theater.<init>(Theater.java:20) ~[main/:na]
	at cinema.Theater.availableSeats(Theater.java:27) ~[main/:na]
	at cinema.Theater.<init>(Theater.java:20) ~[main/:na]
	at cinema.Theater.availableSeats(Theater.java:27) ~[main/:na]
	at cinema.Theater.<init>(Theater.java:20) ~[main/:na]
	at cinema.Theater.availableSeats(Theater.java:27) ~[main/:na]
	at cinema.Theater.<init>(Theater.java:20) ~[main/:na]
	at cinema.Theater.availableSeats(Theater.java:27) ~[main/:na]
	at cinema.Theater.<init>(Theater.java:20) ~[main/:na]
	at cinema.Theater.availableSeats(Theater.java:27) ~[main/:na]
	at cinema.Theater.<init>(Theater.java:20) ~[main/:na]
	at cinema.Theater.availableSeats(Theater.java:27) ~[main/:na]
	at cinema.Theater.<init>(Theater.java:20) ~[main/:na]
	at cinema.Theater.availableSeats(Theater.java:27) ~[main/:na]
	at cinema.Theater.<init>(Theater.java:20) ~[main/:na]
	at cinema.Theater.availableSeats(Theater.java:27) ~[main/:na]
	at cinema.Theater.<init>(Theater.java:20) ~[main/:na]
	at cinema.Theater.availableSeats(Theater.java:27) ~[main/:na]
	at cinema.Theater.<init>(Theater.java:20) ~[main/:na]
	at cinema.Theater.availableSeats(Theater.java:27) ~[main/:na]
	at cinema.Theater.<init>(Theater.java:20) ~[main/:na]
	at cinema.Theater.availableSeats(Theater.java:27) ~[main/:na]
	at cinema.Theater.<init>(Theater.java:20) ~[main/:na]
	at cinema.Theater.availableSeats(Theater.java:27) ~[main/:na]
	at cinema.Theater.<init>(Theater.java:20) ~[main/:na]
	at cinema.Theater.availableSeats(Theater.java:27) ~[main/:na]
	at cinema.Theater.<init>(Theater.java:20) ~[main/:na]
	at cinema.Theater.availableSeats(Theater.java:27) ~[main/:na]
	at cinema.Theater.<init>(Theater.java:20) ~[main/:na]
	at cinema.Theater.availableSeats(Theater.java:27) ~[main/:na]
	at cinema.Theater.<init>(Theater.java:20) ~[main/:na]
	at cinema.Theater.availableSeats(Theater.java:27) ~[main/:na]
	at cinema.Theater.<init>(Theater.java:20) ~[main/:na]
	at cinema.Theater.availableSeats(Theater.java:27) ~[main/:na]
	at cinema.Theater.<init>(Theater.java:20) ~[main/:na]
	at cinema.Theater.availableSeats(Theater.java:27) ~[main/:na]
	at cinema.Theater.<init>(Theater.java:20) ~[main/:na]
	at cinema.Theater.availableSeats(Theater.java:27) ~[main/:na]
	at cinema.Theater.<init>(Theater.java:20) ~[main/:na]
	at cinema.Theater.availableSeats(Theater.java:27) ~[main/:na]
	at cinema.Theater.<init>(Theater.java:20) ~[main/:na]
	at cinema.Theater.availableSeats(Theater.java:27) ~[main/:na]
	at cinema.Theater.<init>(Theater.java:20) ~[main/:na]
	at cinema.Theater.availableSeats(Theater.java:27) ~[main/:na]
	at cinema.Theater.<init>(Theater.java:20) ~[main/:na]
	at cinema.Theater.availableSeats(Theater.java:27) ~[main/:na]
	at cinema.Theater.<init>(Theater.java:20) ~[main/:na]
	at cinema.Theater.availableSeats(Theater.java:27) ~[main/:na]
	at cinema.Theater.<init>(Theater.java:20) ~[main/:na]
	at cinema.Theater.availableSeats(Theater.java:27) ~[main/:na]
	at cinema.Theater.<init>(Theater.java:20) ~[main/:na]
	at cinema.Theater.availableSeats(Theater.java:27) ~[main/:na]
	at cinema.Theater.<init>(Theater.java:20) ~[main/:na]
	at cinema.Theater.availableSeats(Theater.java:27) ~[main/:na]
	at cinema.Theater.<init>(Theater.java:20) ~[main/:na]
	at cinema.Theater.availableSeats(Theater.java:27) ~[main/:na]
	at cinema.Theater.<init>(Theater.java:20) ~[main/:na]
	at cinema.Theater.availableSeats(Theater.java:27) ~[main/:na]
	at cinema.Theater.<init>(Theater.java:20) ~[main/:na]
	at cinema.Theater.availableSeats(Theater.java:27) ~[main/:na]
	at cinema.Theater.<init>(Theater.java:20) ~[main/:na]
	at cinema.Theater.availableSeats(Theater.java:27) ~[main/:na]
	at cinema.Theater.<init>(Theater.java:20) ~[main/:na]
	at cinema.Theater.availableSeats(Theater.java:27) ~[main/:na]
	at cinema.Theater.<init>(Theater.java:20) ~[main/:na]
	at cinema.Theater.availableSeats(Theater.java:27) ~[main/:na]
	at cinema.Theater.<init>(Theater.java:20) ~[main/:na]
	at cinema.Theater.availableSeats(Theater.java:27) ~[main/:na]
	at cinema.Theater.<init>(Theater.java:20) ~[main/:na]
	at cinema.Theater.availableSeats(Theater.java:27) ~[main/:na]
	at cinema.Theater.<init>(Theater.java:20) ~[main/:na]
	at cinema.Theater.availableSeats(Theater.java:27) ~[main/:na]
	at cinema.Theater.<init>(Theater.java:20) ~[main/:na]
	at cinema.Theater.availableSeats(Theater.java:27) ~[main/:na]
	at cinema.Theater.<init>(Theater.java:20) ~[main/:na]
	at cinema.Theater.availableSeats(Theater.java:27) ~[main/:na]
	at cinema.Theater.<init>(Theater.java:20) ~[main/:na]
	at cinema.Theater.availableSeats(Theater.java:27) ~[main/:na]
	at cinema.Theater.<init>(Theater.java:20) ~[main/:na]
	at cinema.Theater.availableSeats(Theater.java:27) ~[main/:na]
	at cinema.Theater.<init>(Theater.java:20) ~[main/:na]
	at cinema.Theater.availableSeats(Theater.java:27) ~[main/:na]
	at cinema.Theater.<init>(Theater.java:20) ~[main/:na]
	at cinema.Theater.availableSeats(Theater.java:27) ~[main/:na]
	at cinema.Theater.<init>(Theater.java:20) ~[main/:na]
	at cinema.Theater.availableSeats(Theater.java:27) ~[main/:na]
	at cinema.Theater.<init>(Theater.java:20) ~[main/:na]
	at cinema.Theater.availableSeats(Theater.java:27) ~[main/:na]
	at cinema.Theater.<init>(Theater.java:20) ~[main/:na]
	at cinema.Theater.availableSeats(Theater.java:27) ~[main/:na]
	at cinema.Theater.<init>(Theater.java:20) ~[main/:na]
	at cinema.Theater.availableSeats(Theater.java:27) ~[main/:na]
	at cinema.Theater.<init>(Theater.java:20) ~[main/:na]
	at cinema.Theater.availableSeats(Theater.java:27) ~[main/:na]
	at cinema.Theater.<init>(Theater.java:20) ~[main/:na]
	at cinema.Theater.availableSeats(Theater.java:27) ~[main/:na]
	at cinema.Theater.<init>(Theater.java:20) ~[main/:na]
	at cinema.Theater.availableSeats(Theater.java:27) ~[main/:na]
	at cinema.Theater.<init>(Theater.java:20) ~[main/:na]
	at cinema.Theater.availableSeats(Theater.java:27) ~[main/:na]
	at cinema.Theater.<init>(Theater.java:20) ~[main/:na]
	at cinema.Theater.availableSeats(Theater.java:27) ~[main/:na]
	at cinema.Theater.<init>(Theater.java:20) ~[main/:na]
	at cinema.Theater.availableSeats(Theater.java:27) ~[main/:na]
	at cinema.Theater.<init>(Theater.java:20) ~[main/:na]
	at cinema.Theater.availableSeats(Theater.java:27) ~[main/:na]
	at cinema.Theater.<init>(Theater.java:20) ~[main/:na]
	at cinema.Theater.availableSeats(Theater.java:27) ~[main/:na]
	at cinema.Theater.<init>(Theater.java:20) ~[main/:na]
	at cinema.Theater.availableSeats(Theater.java:27) ~[main/:na]
	at cinema.Theater.<init>(Theater.java:20) ~[main/:na]
	at cinema.Theater.availableSeats(Theater.java:27) ~[main/:na]
	at cinema.Theater.<init>(Theater.java:20) ~[main/:na]
	at cinema.Theater.availableSeats(Theater.java:27) ~[main/:na]
	at cinema.Theater.<init>(Theater.java:20) ~[main/:na]
	at cinema.Theater.availableSeats(Theater.java:27) ~[main/:na]
	at cinema.Theater.<init>(Theater.java:20) ~[main/:na]
	at cinema.Theater.availableSeats(Theater.java:27) ~[main/:na]
	at cinema.Theater.<init>(Theater.java:20) ~[main/:na]
	at cinema.Theater.availableSeats(Theater.java:27) ~[main/:na]
	at cinema.Theater.<init>(Theater.java:20) ~[main/:na]
	at cinema.Theater.availableSeats(Theater.java:27) ~[main/:na]
	at cinema.Theater.<init>(Theater.java:20) ~[main/:na]
	at cinema.Theater.availableSeats(Theater.java:27) ~[main/:na]
	at cinema.Theater.<init>(Theater.java:20) ~[main/:na]
	at cinema.Theater.availableSeats(Theater.java:27) ~[main/:na]
	at cinema.Theater.<init>(Theater.java:20) ~[main/:na]
	at cinema.Theater.availableSeats(Theater.java:27) ~[main/:na]
	at cinema.Theater.<init>(Theater.java:20) ~[main/:na]
	at cinema.Theater.availableSeats(Theater.java:27) ~[main/:na]
	at cinema.Theater.<init>(Theater.java:20) ~[main/:na]
	at cinema.Theater.availableSeats(Theater.java:27) ~[main/:na]
	at cinema.Theater.<init>(Theater.java:20) ~[main/:na]
	at cinema.Theater.availableSeats(Theater.java:27) ~[main/:na]
	at cinema.Theater.<init>(Theater.java:20) ~[main/:na]
	at cinema.Theater.availableSeats(Theater.java:27) ~[main/:na]
	at cinema.Theater.<init>(Theater.java:20) ~[main/:na]
	at cinema.Theater.availableSeats(Theater.java:27) ~[main/:na]
	at cinema.Theater.<init>(Theater.java:20) ~[main/:na]
	at cinema.Theater.availableSeats(Theater.java:27) ~[main/:na]
	at cinema.Theater.<init>(Theater.java:20) ~[main/:na]
	at cinema.Theater.availableSeats(Theater.java:27) ~[main/:na]
	at cinema.Theater.<init>(Theater.java:20) ~[main/:na]
	at cinema.Theater.availableSeats(Theater.java:27) ~[main/:na]
	at cinema.Theater.<init>(Theater.java:20) ~[main/:na]
	at cinema.Theater.availableSeats(Theater.java:27) ~[main/:na]
	at cinema.Theater.<init>(Theater.java:20) ~[main/:na]
	at cinema.Theater.availableSeats(Theater.java:27) ~[main/:na]
	at cinema.Theater.<init>(Theater.java:20) ~[main/:na]
	at cinema.Theater.availableSeats(Theater.java:27) ~[main/:na]
	at cinema.Theater.<init>(Theater.java:20) ~[main/:na]
	at cinema.Theater.availableSeats(Theater.java:27) ~[main/:na]
	at cinema.Theater.<init>(Theater.java:20) ~[main/:na]
	at cinema.Theater.availableSeats(Theater.java:27) ~[main/:na]
	at cinema.Theater.<init>(Theater.java:20) ~[main/:na]
	at cinema.Theater.availableSeats(Theater.java:27) ~[main/:na]
	at cinema.Theater.<init>(Theater.java:20) ~[main/:na]
	at cinema.Theater.availableSeats(Theater.java:27) ~[main/:na]
	at cinema.Theater.<init>(Theater.java:20) ~[main/:na]
	at cinema.Theater.availableSeats(Theater.java:27) ~[main/:na]
	at cinema.Theater.<init>(Theater.java:20) ~[main/:na]
	at cinema.Theater.availableSeats(Theater.java:27) ~[main/:na]
	at cinema.Theater.<init>(Theater.java:20) ~[main/:na]
	at cinema.Theater.availableSeats(Theater.java:27) ~[main/:na]
	at cinema.Theater.<init>(Theater.java:20) ~[main/:na]
	at cinema.Theater.availableSeats(Theater.java:27) ~[main/:na]
	at cinema.Theater.<init>(Theater.java:20) ~[main/:na]
	at cinema.Theater.availableSeats(Theater.java:27) ~[main/:na]
	at cinema.Theater.<init>(Theater.java:20) ~[main/:na]
	at cinema.Theater.availableSeats(Theater.java:27) ~[main/:na]
	at cinema.Theater.<init>(Theater.java:20) ~[main/:na]
	at cinema.Theater.availableSeats(Theater.java:27) ~[main/:na]
	at cinema.Theater.<init>(Theater.java:20) ~[main/:na]
	at cinema.Theater.availableSeats(Theater.java:27) ~[main/:na]
	at cinema.Theater.<init>(Theater.java:20) ~[main/:na]
	at cinema.Theater.availableSeats(Theater.java:27) ~[main/:na]
	at cinema.Theater.<init>(Theater.java:20) ~[main/:na]
	at cinema.Theater.availableSeats(Theater.java:27) ~[main/:na]
	at cinema.Theater.<init>(Theater.java:20) ~[main/:na]
	at cinema.Theater.availableSeats(Theater.java:27) ~[main/:na]
	at cinema.Theater.<init>(Theater.java:20) ~[main/:na]
	at cinema.Theater.availableSeats(Theater.java:27) ~[main/:na]
	at cinema.Theater.<init>(Theater.java:20) ~[main/:na]
	at cinema.Theater.availableSeats(Theater.java:27) ~[main/:na]
	at cinema.Theater.<init>(Theater.java:20) ~[main/:na]
	at cinema.Theater.availableSeats(Theater.java:27) ~[main/:na]
	at cinema.Theater.<init>(Theater.java:20) ~[main/:na]
	at cinema.Theater.availableSeats(Theater.java:27) ~[main/:na]
	at cinema.Theater.<init>(Theater.java:20) ~[main/:na]
	at cinema.Theater.availableSeats(Theater.java:27) ~[main/:na]
	at cinema.Theater.<init>(Theater.java:20) ~[main/:na]
	at cinema.Theater.availableSeats(Theater.java:27) ~[main/:na]
	at cinema.Theater.<init>(Theater.java:20) ~[main/:na]
	at cinema.Theater.availableSeats(Theater.java:27) ~[main/:na]
	at cinema.Theater.<init>(Theater.java:20) ~[main/:na]
	at cinema.Theater.availableSeats(Theater.java:27) ~[main/:na]
	at cinema.Theater.<init>(Theater.java:20) ~[main/:na]
	at cinema.Theater.availableSeats(Theater.java:27) ~[main/:na]
	at cinema.Theater.<init>(Theater.java:20) ~[main/:na]
	at cinema.Theater.availableSeats(Theater.java:27) ~[main/:na]
	at cinema.Theater.<init>(Theater.java:20) ~[main/:na]
	at cinema.Theater.availableSeats(Theater.java:27) ~[main/:na]
	at cinema.Theater.<init>(Theater.java:20) ~[main/:na]
	at cinema.Theater.availableSeats(Theater.java:27) ~[main/:na]
	at cinema.Theater.<init>(Theater.java:20) ~[main/:na]
	at cinema.Theater.availableSeats(Theater.java:27) ~[main/:na]
	at cinema.Theater.<init>(Theater.java:20) ~[main/:na]
	at cinema.Theater.availableSeats(Theater.java:27) ~[main/:na]
	at cinema.Theater.<init>(Theater.java:20) ~[main/:na]
	at cinema.Theater.availableSeats(Theater.java:27) ~[main/:na]
	at cinema.Theater.<init>(Theater.java:20) ~[main/:na]
	at cinema.Theater.availableSeats(Theater.java:27) ~[main/:na]
	at cinema.Theater.<init>(Theater.java:20) ~[main/:na]
	at cinema.Theater.availableSeats(Theater.java:27) ~[main/:na]
	at cinema.Theater.<init>(Theater.java:20) ~[main/:na]
	at cinema.Theater.availableSeats(Theater.java:27) ~[main/:na]
	at cinema.Theater.<init>(Theater.java:20) ~[main/:na]
	at cinema.Theater.availableSeats(Theater.java:27) ~[main/:na]
	at cinema.Theater.<init>(Theater.java:20) ~[main/:na]
	at cinema.Theater.availableSeats(Theater.java:27) ~[main/:na]
	at cinema.Theater.<init>(Theater.java:20) ~[main/:na]
	at cinema.Theater.availableSeats(Theater.java:27) ~[main/:na]
	at cinema.Theater.<init>(Theater.java:20) ~[main/:na]
	at cinema.Theater.availableSeats(Theater.java:27) ~[main/:na]
	at cinema.Theater.<init>(Theater.java:20) ~[main/:na]
	at cinema.Theater.availableSeats(Theater.java:27) ~[main/:na]
	at cinema.Theater.<init>(Theater.java:20) ~[main/:na]
	at cinema.Theater.availableSeats(Theater.java:27) ~[main/:na]
	at cinema.Theater.<init>(Theater.java:20) ~[main/:na]
	at cinema.Theater.availableSeats(Theater.java:27) ~[main/:na]
	at cinema.Theater.<init>(Theater.java:20) ~[main/:na]
	at cinema.Theater.availableSeats(Theater.java:27) ~[main/:na]
	at cinema.Theater.<init>(Theater.java:20) ~[main/:na]
	at cinema.Theater.availableSeats(Theater.java:27) ~[main/:na]
	at cinema.Theater.<init>(Theater.java:20) ~[main/:na]
	at cinema.Theater.availableSeats(Theater.java:27) ~[main/:na]
	at cinema.Theater.<init>(Theater.java:20) ~[main/:na]
	at cinema.Theater.availableSeats(Theater.java:27) ~[main/:na]
	at cinema.Theater.<init>(Theater.java:20) ~[main/:na]
	at cinema.Theater.availableSeats(Theater.java:27) ~[main/:na]
	at cinema.Theater.<init>(Theater.java:20) ~[main/:na]
	at cinema.Theater.availableSeats(Theater.java:27) ~[main/:na]
	at cinema.Theater.<init>(Theater.java:20) ~[main/:na]
	at cinema.Theater.availableSeats(Theater.java:27) ~[main/:na]
	at cinema.Theater.<init>(Theater.java:20) ~[main/:na]
	at cinema.Theater.availableSeats(Theater.java:27) ~[main/:na]
	at cinema.Theater.<init>(Theater.java:20) ~[main/:na]
	at cinema.Theater.availableSeats(Theater.java:27) ~[main/:na]
	at cinema.Theater.<init>(Theater.java:20) ~[main/:na]
	at cinema.Theater.availableSeats(Theater.java:27) ~[main/:na]
	at cinema.Theater.<init>(Theater.java:20) ~[main/:na]
	at cinema.Theater.availableSeats(Theater.java:27) ~[main/:na]
	at cinema.Theater.<init>(Theater.java:20) ~[main/:na]
	at cinema.Theater.availableSeats(Theater.java:27) ~[main/:na]
	at cinema.Theater.<init>(Theater.java:20) ~[main/:na]
	at cinema.Theater.availableSeats(Theater.java:27) ~[main/:na]
	at cinema.Theater.<init>(Theater.java:20) ~[main/:na]
	at cinema.Theater.availableSeats(Theater.java:27) ~[main/:na]
	at cinema.Theater.<init>(Theater.java:20) ~[main/:na]
	at cinema.Theater.availableSeats(Theater.java:27) ~[main/:na]
	at cinema.Theater.<init>(Theater.java:20) ~[main/:na]
	at cinema.Theater.availableSeats(Theater.java:27) ~[main/:na]
	at cinema.Theater.<init>(Theater.java:20) ~[main/:na]
	at cinema.Theater.availableSeats(Theater.java:27) ~[main/:na]
	at cinema.Theater.<init>(Theater.java:20) ~[main/:na]
	at cinema.Theater.availableSeats(Theater.java:27) ~[main/:na]
	at cinema.Theater.<init>(Theater.java:20) ~[main/:na]
	at cinema.Theater.availableSeats(Theater.java:27) ~[main/:na]
	at cinema.Theater.<init>(Theater.java:20) ~[main/:na]
	at cinema.Theater.availableSeats(Theater.java:27) ~[main/:na]
	at cinema.Theater.<init>(Theater.java:20) ~[main/:na]
	at cinema.Theater.availableSeats(Theater.java:27) ~[main/:na]
	at cinema.Theater.<init>(Theater.java:20) ~[main/:na]
	at cinema.Theater.availableSeats(Theater.java:27) ~[main/:na]
	at cinema.Theater.<init>(Theater.java:20) ~[main/:na]
	at cinema.Theater.availableSeats(Theater.java:27) ~[main/:na]
	at cinema.Theater.<init>(Theater.java:20) ~[main/:na]
	at cinema.Theater.availableSeats(Theater.java:27) ~[main/:na]
	at cinema.Theater.<init>(Theater.java:20) ~[main/:na]
	at cinema.Theater.availableSeats(Theater.java:27) ~[main/:na]
	at cinema.Theater.<init>(Theater.java:20) ~[main/:na]
	at cinema.Theater.availableSeats(Theater.java:27) ~[main/:na]
	at cinema.Theater.<init>(Theater.java:20) ~[main/:na]
	at cinema.Theater.availableSeats(Theater.java:27) ~[main/:na]
	at cinema.Theater.<init>(Theater.java:20) ~[main/:na]
	at cinema.Theater.availableSeats(Theater.java:27) ~[main/:na]
	at cinema.Theater.<init>(Theater.java:20) ~[main/:na]
	at cinema.Theater.availableSeats(Theater.java:27) ~[main/:na]
	at cinema.Theater.<init>(Theater.java:20) ~[main/:na]
	at cinema.Theater.availableSeats(Theater.java:27) ~[main/:na]
	at cinema.Theater.<init>(Theater.java:20) ~[main/:na]
	at cinema.Theater.availableSeats(Theater.java:27) ~[main/:na]
	at cinema.Theater.<init>(Theater.java:20) ~[main/:na]
	at cinema.Theater.availableSeats(Theater.java:27) ~[main/:na]
	at cinema.Theater.<init>(Theater.java:20) ~[main/:na]
	at cinema.Theater.availableSeats(Theater.java:27) ~[main/:na]
	at cinema.Theater.<init>(Theater.java:20) ~[main/:na]
	at cinema.Theater.availableSeats(Theater.java:27) ~[main/:na]
	at cinema.Theater.<init>(Theater.java:20) ~[main/:na]
	at cinema.Theater.availableSeats(Theater.java:27) ~[main/:na]
	at cinema.Theater.<init>(Theater.java:20) ~[main/:na]
	at cinema.Theater.availableSeats(Theater.java:27) ~[main/:na]
	at cinema.Theater.<init>(Theater.java:20) ~[main/:na]
	at cinema.Theater.availableSeats(Theater.java:27) ~[main/:na]
	at cinema.Theater.<init>(Theater.java:20) ~[main/:na]
	at cinema.Theater.availableSeats(Theater.java:27) ~[main/:na]
	at cinema.Theater.<init>(Theater.java:20) ~[main/:na]
	at cinema.Theater.availableSeats(Theater.java:27) ~[main/:na]
	at cinema.Theater.<init>(Theater.java:20) ~[main/:na]
	at cinema.Theater.availableSeats(Theater.java:27) ~[main/:na]
	at cinema.Theater.<init>(Theater.java:20) ~[main/:na]
	at cinema.Theater.availableSeats(Theater.java:27) ~[main/:na]
	at cinema.Theater.<init>(Theater.java:20) ~[main/:na]
	at cinema.Theater.availableSeats(Theater.java:27) ~[main/:na]
	at cinema.Theater.<init>(Theater.java:20) ~[main/:na]
	at cinema.Theater.availableSeats(Theater.java:27) ~[main/:na]
	at cinema.Theater.<init>(Theater.java:20) ~[main/:na]
	at cinema.Theater.availableSeats(Theater.java:27) ~[main/:na]
	at cinema.Theater.<init>(Theater.java:20) ~[main/:na]
	at cinema.Theater.availableSeats(Theater.java:27) ~[main/:na]
	at cinema.Theater.<init>(Theater.java:20) ~[main/:na]
	at cinema.Theater.availableSeats(Theater.java:27) ~[main/:na]
	at cinema.Theater.<init>(Theater.java:20) ~[main/:na]
	at cinema.Theater.availableSeats(Theater.java:27) ~[main/:na]
	at cinema.Theater.<init>(Theater.java:20) ~[main/:na]
	at cinema.Theater.availableSeats(Theater.java:27) ~[main/:na]
	at cinema.Theater.<init>(Theater.java:20) ~[main/:na]
	at cinema.Theater.availableSeats(Theater.java:27) ~[main/:na]
	at cinema.Theater.<init>(Theater.java:20) ~[main/:na]
	at cinema.Theater.availableSeats(Theater.java:27) ~[main/:na]
	at cinema.Theater.<init>(Theater.java:20) ~[main/:na]
	at cinema.Theater.availableSeats(Theater.java:27) ~[main/:na]
	at cinema.Theater.<init>(Theater.java:20) ~[main/:na]
	at cinema.Theater.availableSeats(Theater.java:27) ~[main/:na]
	at cinema.Theater.<init>(Theater.java:20) ~[main/:na]
	at cinema.Theater.availableSeats(Theater.java:27) ~[main/:na]
	at cinema.Theater.<init>(Theater.java:20) ~[main/:na]
	at cinema.Theater.availableSeats(Theater.java:27) ~[main/:na]
	at cinema.Theater.<init>(Theater.java:20) ~[main/:na]
	at cinema.Theater.availableSeats(Theater.java:27) ~[main/:na]
	at cinema.Theater.<init>(Theater.java:20) ~[main/:na]
	at cinema.Theater.availableSeats(Theater.java:27) ~[main/:na]
	at cinema.Theater.<init>(Theater.java:20) ~[main/:na]
	at cinema.Theater.availableSeats(Theater.java:27) ~[main/:na]
	at cinema.Theater.<init>(Theater.java:20) ~[main/:na]
	at cinema.Theater.availableSeats(Theater.java:27) ~[main/:na]
	at cinema.Theater.<init>(Theater.java:20) ~[main/:na]
	at cinema.Theater.availableSeats(Theater.java:27) ~[main/:na]
	at cinema.Theater.<init>(Theater.java:20) ~[main/:na]
	at cinema.Theater.availableSeats(Theater.java:27) ~[main/:na]
	at cinema.Theater.<init>(Theater.java:20) ~[main/:na]
	at cinema.Theater.availableSeats(Theater.java:27) ~[main/:na]
	at cinema.Theater.<init>(Theater.java:20) ~[main/:na]
	at cinema.Theater.availableSeats(Theater.java:27) ~[main/:na]
	at cinema.Theater.<init>(Theater.java:20) ~[main/:na]
	at cinema.Theater.availableSeats(Theater.java:27) ~[main/:na]
	at cinema.Theater.<init>(Theater.java:20) ~[main/:na]
	at cinema.Theater.availableSeats(Theater.java:27) ~[main/:na]
	at cinema.Theater.<init>(Theater.java:20) ~[main/:na]
	at cinema.Theater.availableSeats(Theater.java:27) ~[main/:na]
	at cinema.Theater.<init>(Theater.java:20) ~[main/:na]
	at cinema.Theater.availableSeats(Theater.java:27) ~[main/:na]
	at cinema.Theater.<init>(Theater.java:20) ~[main/:na]
	at cinema.Theater.availableSeats(Theater.java:27) ~[main/:na]
	at cinema.Theater.<init>(Theater.java:20) ~[main/:na]
	at cinema.Theater.availableSeats(Theater.java:27) ~[main/:na]
	at cinema.Theater.<init>(Theater.java:20) ~[main/:na]
	at cinema.Theater.availableSeats(Theater.java:27) ~[main/:na]
	at cinema.Theater.<init>(Theater.java:20) ~[main/:na]
	at cinema.Theater.availableSeats(Theater.java:27) ~[main/:na]
	at cinema.Theater.<init>(Theater.java:20) ~[main/:na]
	at cinema.Theater.availableSeats(Theater.java:27) ~[main/:na]
	at cinema.Theater.<init>(Theater.java:20) ~[main/:na]
	at cinema.Theater.availableSeats(Theater.java:27) ~[main/:na]
	at cinema.Theater.<init>(Theater.java:20) ~[main/:na]
	at cinema.Theater.availableSeats(Theater.java:27) ~[main/:na]
	at cinema.Theater.<init>(Theater.java:20) ~[main/:na]
	at cinema.Theater.availableSeats(Theater.java:27) ~[main/:na]
	at cinema.Theater.<init>(Theater.java:20) ~[main/:na]
	at cinema.Theater.availableSeats(Theater.java:27) ~[main/:na]
	at cinema.Theater.<init>(Theater.java:20) ~[main/:na]
	at cinema.Theater.availableSeats(Theater.java:27) ~[main/:na]
	at cinema.Theater.<init>(Theater.java:20) ~[main/:na]
	at cinema.Theater.availableSeats(Theater.java:27) ~[main/:na]
	at cinema.Theater.<init>(Theater.java:20) ~[main/:na]
	at cinema.Theater.availableSeats(Theater.java:27) ~[main/:na]
	at cinema.Theater.<init>(Theater.java:20) ~[main/:na]
	at cinema.Theater.availableSeats(Theater.java:27) ~[main/:na]
	at cinema.Theater.<init>(Theater.java:20) ~[main/:na]
	at cinema.Theater.availableSeats(Theater.java:27) ~[main/:na]
	at cinema.Theater.<init>(Theater.java:20) ~[main/:na]
	at cinema.Theater.availableSeats(Theater.java:27) ~[main/:na]
	at cinema.Theater.<init>(Theater.java:20) ~[main/:na]
	at cinema.Theater.availableSeats(Theater.java:27) ~[main/:na]
	at cinema.Theater.<init>(Theater.java:20) ~[main/:na]
	at cinema.Theater.availableSeats(Theater.java:27) ~[main/:na]
	at cinema.Theater.<init>(Theater.java:20) ~[main/:na]
	at cinema.Theater.availableSeats(Theater.java:27) ~[main/:na]
	at cinema.Theater.<init>(Theater.java:20) ~[main/:na]
	at cinema.Theater.availableSeats(Theater.java:27) ~[main/:na]
	at cinema.Theater.<init>(Theater.java:20) ~[main/:na]
	at cinema.Theater.availableSeats(Theater.java:27) ~[main/:na]
	at cinema.Theater.<init>(Theater.java:20) ~[main/:na]
	at cinema.Theater.availableSeats(Theater.java:27) ~[main/:na]
	at cinema.Theater.<init>(Theater.java:20) ~[main/:na]
	at cinema.Theater.availableSeats(Theater.java:27) ~[main/:na]
	at cinema.Theater.<init>(Theater.java:20) ~[main/:na]
	at cinema.Theater.availableSeats(Theater.java:27) ~[main/:na]
	at cinema.Theater.<init>(Theater.java:20) ~[main/:na]
	at cinema.Theater.availableSeats(Theater.java:27) ~[main/:na]
[...]
	at cinema.Theater.<init>(Theater.java:20) ~[main/:na]
	at cinema.Theater.availableSeats(Theater.java:27) ~[main/:na]
	at cinema.Theater.<init>(Theater.java:20) ~[main/:na]
	at cinema.Theater.availableSeats(Theater.java:27) ~[main/:na]
	at cinema.Theater.<init>(Theater.java:20) ~[main/:na]
	at cinema.Theater.availableSeats(Theater.java:27) ~[main/:na]
	at cinema.Theater.<init>(Theater.java:20) ~[main/:na]
	at cinema.Theater.availableSeats(Theater.java:27) ~[main/:na]
	at cinema.Theater.<init>(Theater.java:20) ~[main/:na]
	at cinema.Theater.availableSeats(Theater.java:27) ~[main/:na]
	at cinema.Theater.<init>(Theater.java:20) ~[main/:na]
	at cinema.Theater.availableSeats(Theater.java:27) ~[main/:na]
	at cinema.Theater.<init>(Theater.java:20) ~[main/:na]
	at cinema.Theater.availableSeats(Theater.java:27) ~[main/:na]
	at cinema.Theater.<init>(Theater.java:20) ~[main/:na]
	at cinema.Theater.availableSeats(Theater.java:27) ~[main/:na]
	at cinema.Theater.<init>(Theater.java:20) ~[main/:na]
	at cinema.Theater.availableSeats(Theater.java:27) ~[main/:na]
	at cinema.Theater.<init>(Theater.java:20) ~[main/:na]
	at cinema.Theater.availableSeats(Theater.java:27) ~[main/:na]
	at cinema.Theater.<init>(Theater.java:20) ~[main/:na]
	at cinema.Theater.availableSeats(Theater.java:27) ~[main/:na]
	at cinema.Theater.<init>(Theater.java:20) ~[main/:na]
	at cinema.Theater.availableSeats(Theater.java:27) ~[main/:na]
	at cinema.Theater.<init>(Theater.java:20) ~[main/:na]
	at cinema.Theater.availableSeats(Theater.java:27) ~[main/:na]
	at cinema.Theater.<init>(Theater.java:20) ~[main/:na]
	at cinema.Theater.availableSeats(Theater.java:27) ~[main/:na]
	at cinema.Theater.<init>(Theater.java:20) ~[main/:na]
	at cinema.Theater.availableSeats(Theater.java:27) ~[main/:na]
	at cinema.Theater.<init>(Theater.java:20) ~[main/:na]
	at cinema.Theater.availableSeats(Theater.java:27) ~[main/:na]
	at cinema.Theater.<init>(Theater.java:20) ~[main/:na]
	at cinema.Theater.availableSeats(Theater.java:27) ~[main/:na]
	at cinema.Theater.<init>(Theater.java:20) ~[main/:na]
	at cinema.Theater.availableSeats(Theater.java:27) ~[main/:na]
	at cinema.Theater.<init>(Theater.java:20) ~[main/:na]
	at cinema.Theater.availableSeats(Theater.java:27) ~[main/:na]
	at cinema.Theater.<init>(Theater.java:20) ~[main/:na]
	at cinema.Theater.availableSeats(Theater.java:27) ~[main/:na]
	at cinema.Theater.<init>(Theater.java:20) ~[main/:na]
	at cinema.Theater.availableSeats(Theater.java:27) ~[main/:na]
	at cinema.Theater.<init>(Theater.java:20) ~[main/:na]
	at cinema.Theater.availableSeats(Theater.java:27) ~[main/:na]
	at cinema.Theater.<init>(Theater.java:20) ~[main/:na]
	at cinema.Theater.availableSeats(Theater.java:27) ~[main/:na]
	at cinema.Theater.<init>(Theater.java:20) ~[main/:na]
	at cinema.Theater.availableSeats(Theater.java:27) ~[main/:na]
	at cinema.Theater.<init>(Theater.java:20) ~[main/:na]
	at cinema.Theater.availableSeats(Theater.java:27) ~[main/:na]
	at cinema.Theater.<init>(Theater.java:20) ~[main/:na]
	at cinema.Theater.availableSeats(Theater.java:27) ~[main/:na]
	at cinema.Theater.<init>(Theater.java:20) ~[main/:na]
	at cinema.Theater.availableSeats(Theater.java:27) ~[main/:na]
	at cinema.Theater.<init>(Theater.java:20) ~[main/:na]
	at cinema.Theater.availableSeats(Theater.java:27) ~[main/:na]
	at cinema.Theater.<init>(Theater.java:20) ~[main/:na]
	at cinema.Theater.availableSeats(Theater.java:27) ~[main/:na]
	at cinema.Theater.<init>(Theater.java:20) ~[main/:na]
	at cinema.Theater.availableSeats(Theater.java:27) ~[main/:na]
	at cinema.Theater.<init>(Theater.java:20) ~[main/:na]
	at cinema.Theater.availableSeats(Theater.java:27) ~[main/:na]
	at cinema.Theater.<init>(Theater.java:20) ~[main/:na]
	at cinema.Theater.availableSeats(Theater.java:27) ~[main/:na]
	at cinema.Theater.<init>(Theater.java:20) ~[main/:na]
	at cinema.Theater.availableSeats(Theater.java:27) ~[main/:na]
	at cinema.Theater.<init>(Theater.java:20) ~[main/:na]
	at cinema.Theater.availableSeats(Theater.java:27) ~[main/:na]
	at cinema.Theater.<init>(Theater.java:20) ~[main/:na]
	at cinema.Theater.availableSeats(Theater.java:27) ~[main/:na]
	at cinema.Theater.<init>(Theater.java:20) ~[main/:na]
	at cinema.Theater.availableSeats(Theater.java:27) ~[main/:na]
	at cinema.Theater.<init>(Theater.java:20) ~[main/:na]
	at cinema.Theater.availableSeats(Theater.java:27) ~[main/:na]
	at cinema.Theater.<init>(Theater.java:20) ~[main/:na]
	at cinema.Theater.availableSeats(Theater.java:27) ~[main/:na]
	at cinema.Theater.<init>(Theater.java:20) ~[main/:na]
	at cinema.Theater.availableSeats(Theater.java:27) ~[main/:na]
	at cinema.Theater.<init>(Theater.java:20) ~[main/:na]
	at cinema.Theater.availableSeats(Theater.java:27) ~[main/:na]
	at cinema.Theater.<init>(Theater.java:20) ~[main/:na]
	at cinema.Theater.availableSeats(Theater.java:27) ~[main/:na]
	at cinema.Theater.<init>(Theater.java:20) ~[main/:na]
	at cinema.Theater.availableSeats(Theater.java:27) ~[main/:na]
	at cinema.Theater.<init>(Theater.java:20) ~[main/:na]
	at cinema.Theater.availableSeats(Theater.java:27) ~[main/:na]
	at cinema.Theater.<init>(Theater.java:20) ~[main/:na]
	at cinema.Theater.availableSeats(Theater.java:27) ~[main/:na]
	at cinema.Theater.<init>(Theater.java:20) ~[main/:na]
	at cinema.Theater.availableSeats(Theater.java:27) ~[main/:na]
	at cinema.Theater.<init>(Theater.java:20) ~[main/:na]
	at cinema.Theater.availableSeats(Theater.java:27) ~[main/:na]
	at cinema.Theater.<init>(Theater.java:20) ~[main/:na]
	at cinema.Theater.availableSeats(Theater.java:27) ~[main/:na]
	at cinema.Theater.<init>(Theater.java:20) ~[main/:na]
	at cinema.Theater.availableSeats(Theater.java:27) ~[main/:na]
	at cinema.Theater.<init>(Theater.java:20) ~[main/:na]
	at cinema.Theater.availableSeats(Theater.java:27) ~[main/:na]
	at cinema.Theater.<init>(Theater.java:20) ~[main/:na]
	at cinema.Theater.availableSeats(Theater.java:27) ~[main/:na]
	at cinema.Theater.<init>(Theater.java:20) ~[main/:na]
	at cinema.Theater.availableSeats(Theater.java:27) ~[main/:na]
	at cinema.Theater.<init>(Theater.java:20) ~[main/:na]
	at cinema.Theater.availableSeats(Theater.java:27) ~[main/:na]
	at cinema.Theater.<init>(Theater.java:20) ~[main/:na]
	at cinema.Theater.availableSeats(Theater.java:27) ~[main/:na]
	at cinema.Theater.<init>(Theater.java:20) ~[main/:na]
	at cinema.Theater.availableSeats(Theater.java:27) ~[main/:na]
	at cinema.Theater.<init>(Theater.java:20) ~[main/:na]
	at cinema.Theater.availableSeats(Theater.java:27) ~[main/:na]
	at cinema.Theater.<init>(Theater.java:20) ~[main/:na]
	at cinema.Theater.availableSeats(Theater.java:27) ~[main/:na]
	at cinema.Theater.<init>(Theater.java:20) ~[main/:na]
	at cinema.Theater.availableSeats(Theater.java:27) ~[main/:na]
	at cinema.Theater.<init>(Theater.java:20) ~[main/:na]
	at cinema.Theater.availableSeats(Theater.java:27) ~[main/:na]
	at cinema.Theater.<init>(Theater.java:20) ~[main/:na]
	at cinema.Theater.availableSeats(Theater.java:27) ~[main/:na]
	at cinema.Theater.<init>(Theater.java:20) ~[main/:na]
	at cinema.Theater.availableSeats(Theater.java:27) ~[main/:na]
	at cinema.Theater.<init>(Theater.java:20) ~[main/:na]
	at cinema.Theater.availableSeats(Theater.java:27) ~[main/:na]
	at cinema.Theater.<init>(Theater.java:20) ~[main/:na]
	at cinema.Theater.availableSeats(Theater.java:27) ~[main/:na]
	at cinema.Theater.<init>(Theater.java:20) ~[main/:na]
	at cinema.Theater.availableSeats(Theater.java:27) ~[main/:na]
	at cinema.Theater.<init>(Theater.java:20) ~[main/:na]
	at cinema.Theater.availableSeats(Theater.java:27) ~[main/:na]
	at cinema.Theater.<init>(Theater.java:20) ~[main/:na]
	at cinema.Theater.availableSeats(Theater.java:27) ~[main/:na]
	at cinema.Theater.<init>(Theater.java:20) ~[main/:na]
	at cinema.Theater.availableSeats(Theater.java:27) ~[main/:na]
	at cinema.Theater.<init>(Theater.java:20) ~[main/:na]
	at cinema.Theater.availableSeats(Theater.java:27) ~[main/:na]
	at cinema.Theater.<init>(Theater.java:20) ~[main/:na]
	at cinema.Theater.availableSeats(Theater.java:27) ~[main/:na]
	at cinema.Theater.<init>(Theater.java:20) ~[main/:na]
	at cinema.Theater.availableSeats(Theater.java:27) ~[main/:na]
	at cinema.Theater.<init>(Theater.java:20) ~[main/:na]
	at cinema.Theater.availableSeats(Theater.java:27) ~[main/:na]
	at cinema.Theater.<init>(Theater.java:20) ~[main/:na]
	at cinema.Theater.availableSeats(Theater.java:27) ~[main/:na]
	at cinema.Theater.<init>(Theater.java:20) ~[main/:na]
	at cinema.Theater.availableSeats(Theater.java:27) ~[main/:na]
	at cinema.Theater.<init>(Theater.java:20) ~[main/:na]
	at cinema.Theater.availableSeats(Theater.java:27) ~[main/:na]
	at cinema.Theater.<init>(Theater.java:20) ~[main/:na]
	at cinema.Theater.availableSeats(Theater.java:27) ~[main/:na]
	at cinema.Theater.<init>(Theater.java:20) ~[main/:na]
	at cinema.Theater.availableSeats(Theater.java:27) ~[main/:na]
	at cinema.Theater.<init>(Theater.java:20) ~[main/:na]
	at cinema.Theater.availableSeats(Theater.java:27) ~[main/:na]
	at cinema.Theater.<init>(Theater.java:20) ~[main/:na]
	at cinema.Theater.availableSeats(Theater.java:27) ~[main/:na]
	at cinema.Theater.<init>(Theater.java:20) ~[main/:na]
	at cinema.Theater.availableSeats(Theater.java:27) ~[main/:na]
	at cinema.Theater.<init>(Theater.java:20) ~[main/:na]
	at cinema.Theater.availableSeats(Theater.java:27) ~[main/:na]
	at cinema.Theater.<init>(Theater.java:20) ~[main/:na]
	at cinema.Theater.availableSeats(Theater.java:27) ~[main/:na]
	at cinema.Theater.<init>(Theater.java:20) ~[main/:na]
	at cinema.Theater.availableSeats(Theater.java:27) ~[main/:na]
	at cinema.Theater.<init>(Theater.java:20) ~[main/:na]
	at cinema.Theater.availableSeats(Theater.java:27) ~[main/:na]
	at cinema.Theater.<init>(Theater.java:20) ~[main/:na]
	at cinema.Theater.availableSeats(Theater.java:27) ~[main/:na]
	at cinema.Theater.<init>(Theater.java:20) ~[main/:na]
	at cinema.Theater.availableSeats(Theater.java:27) ~[main/:na]
	at cinema.Theater.<init>(Theater.java:20) ~[main/:na]
	at cinema.Theater.availableSeats(Theater.java:27) ~[main/:na]
	at cinema.Theater.<init>(Theater.java:20) ~[main/:na]
	at cinema.Theater.availableSeats(Theater.java:27) ~[main/:na]
	at cinema.Theater.<init>(Theater.java:20) ~[main/:na]
	at cinema.Theater.availableSeats(Theater.java:27) ~[main/:na]
	at cinema.Theater.<init>(Theater.java:20) ~[main/:na]
	at cinema.Theater.availableSeats(Theater.java:27) ~[main/:na]
	at cinema.Theater.<init>(Theater.java:20) ~[main/:na]
	at cinema.Theater.availableSeats(Theater.java:27) ~[main/:na]
	at cinema.Theater.<init>(Theater.java:20) ~[main/:na]
	at cinema.Theater.availableSeats(Theater.java:27) ~[main/:na]
	at cinema.Theater.<init>(Theater.java:20) ~[main/:na]
	at cinema.Theater.availableSeats(Theater.java:27) ~[main/:na]
	at cinema.Theater.<init>(Theater.java:20) ~[main/:na]
	at cinema.Theater.availableSeats(Theater.java:27) ~[main/:na]
	at cinema.Theater.<init>(Theater.java:20) ~[main/:na]
	at cinema.Theater.availableSeats(Theater.java:27) ~[main/:na]
	at cinema.Theater.<init>(Theater.java:20) ~[main/:na]
	at cinema.Theater.availableSeats(Theater.java:27) ~[main/:na]
	at cinema.Theater.<init>(Theater.java:20) ~[main/:na]
	at cinema.Theater.availableSeats(Theater.java:27) ~[main/:na]
	at cinema.Theater.<init>(Theater.java:20) ~[main/:na]
	at cinema.Theater.availableSeats(Theater.java:27) ~[main/:na]
	at cinema.Theater.<init>(Theater.java:20) ~[main/:na]
	at cinema.Theater.availableSeats(Theater.java:27) ~[main/:na]
	at cinema.Theater.<init>(Theater.java:20) ~[main/:na]
	at cinema.Theater.availableSeats(Theater.java:27) ~[main/:na]
	at cinema.Theater.<init>(Theater.java:20) ~[main/:na]
	at cinema.Theater.availableSeats(Theater.java:27) ~[main/:na]
	at cinema.Theater.<init>(Theater.java:20) ~[main/:na]
	at cinema.Theater.availableSeats(Theater.java:27) ~[main/:na]
	at cinema.Theater.<init>(Theater.java:20) ~[main/:na]
	at cinema.Theater.availableSeats(Theater.java:27) ~[main/:na]
	at cinema.Theater.<init>(Theater.java:20) ~[main/:na]
	at cinema.Theater.availableSeats(Theater.java:27) ~[main/:na]
	at cinema.Theater.<init>(Theater.java:20) ~[main/:na]
	at cinema.Theater.availableSeats(Theater.java:27) ~[main/:na]
	at cinema.Theater.<init>(Theater.java:20) ~[main/:na]
	at cinema.Theater.availableSeats(Theater.java:27) ~[main/:na]
	at cinema.Theater.<init>(Theater.java:20) ~[main/:na]
	at cinema.Theater.availableSeats(Theater.java:27) ~[main/:na]
	at cinema.Theater.<init>(Theater.java:20) ~[main/:na]
	at cinema.Theater.availableSeats(Theater.java:27) ~[main/:na]
	at cinema.Theater.<init>(Theater.java:20) ~[main/:na]
	at cinema.Theater.availableSeats(Theater.java:27) ~[main/:na]
	at cinema.Theater.<init>(Theater.java:20) ~[main/:na]
	at cinema.Theater.availableSeats(Theater.java:27) ~[main/:na]
	at cinema.Theater.<init>(Theater.java:20) ~[main/:na]
	at cinema.Theater.availableSeats(Theater.java:27) ~[main/:na]
	at cinema.Theater.<init>(Theater.java:20) ~[main/:na]
	at cinema.Theater.availableSeats(Theater.java:27) ~[main/:na]
	at cinema.Theater.<init>(Theater.java:20) ~[main/:na]
	at cinema.Theater.availableSeats(Theater.java:27) ~[main/:na]
	at cinema.Theater.<init>(Theater.java:20) ~[main/:na]
	at cinema.Theater.availableSeats(Theater.java:27) ~[main/:na]
	at cinema.Theater.<init>(Theater.java:20) ~[main/:na]
	at cinema.Theater.availableSeats(Theater.java:27) ~[main/:na]
	at cinema.Theater.<init>(Theater.java:20) ~[main/:na]
	at cinema.Theater.availableSeats(Theater.java:27) ~[main/:na]
	at cinema.Theater.<init>(Theater.java:20) ~[main/:na]
	at cinema.Theater.availableSeats(Theater.java:27) ~[main/:na]
	at cinema.Theater.<init>(Theater.java:20) ~[main/:na]
	at cinema.Theater.availableSeats(Theater.java:27) ~[main/:na]
	at cinema.Theater.<init>(Theater.java:20) ~[main/:na]
	at cinema.Theater.availableSeats(Theater.java:27) ~[main/:na]
	at cinema.Theater.<init>(Theater.java:20) ~[main/:na]
	at cinema.Theater.availableSeats(Theater.java:27) ~[main/:na]
	at cinema.Theater.<init>(Theater.java:20) ~[main/:na]
	at cinema.Theater.availableSeats(Theater.java:27) ~[main/:na]
	at cinema.Theater.<init>(Theater.java:20) ~[main/:na]
	at cinema.Theater.availableSeats(Theater.java:27) ~[main/:na]
	at cinema.Theater.<init>(Theater.java:20) ~[main/:na]
	at cinema.Theater.availableSeats(Theater.java:27) ~[main/:na]
	at cinema.Theater.<init>(Theater.java:20) ~[main/:na]
	at cinema.Theater.availableSeats(Theater.java:27) ~[main/:na]
	at cinema.Theater.<init>(Theater.java:20) ~[main/:na]
	at cinema.Theater.availableSeats(Theater.java:27) ~[main/:na]
	at cinema.Theater.<init>(Theater.java:20) ~[main/:na]
	at cinema.Theater.availableSeats(Theater.java:27) ~[main/:na]
	at cinema.Theater.<init>(Theater.java:20) ~[main/:na]
	at cinema.Theater.availableSeats(Theater.java:27) ~[main/:na]
	at cinema.Theater.<init>(Theater.java:20) ~[main/:na]
	at cinema.Theater.availableSeats(Theater.java:27) ~[main/:na]
	at cinema.Theater.<init>(Theater.java:20) ~[main/:na]
	at cinema.Theater.availableSeats(Theater.java:27) ~[main/:na]
	at cinema.Theater.<init>(Theater.java:20) ~[main/:na]
	at cinema.Theater.availableSeats(Theater.java:27) ~[main/:na]
	at cinema.Theater.<init>(Theater.java:20) ~[main/:na]
	at cinema.Theater.availableSeats(Theater.java:27) ~[main/:na]
	at cinema.Theater.<init>(Theater.java:20) ~[main/:na]
	at cinema.Theater.availableSeats(Theater.java:27) ~[main/:na]
	at cinema.Theater.<init>(Theater.java:20) ~[main/:na]
	at cinema.Theater.availableSeats(Theater.java:27) ~[main/:na]
	at cinema.Theater.<init>(Theater.java:20) ~[main/:na]
	at cinema.Theater.availableSeats(Theater.java:27) ~[main/:na]
	at cinema.Theater.<init>(Theater.java:20) ~[main/:na]
	at cinema.Theater.availableSeats(Theater.java:27) ~[main/:na]
	at cinema.Theater.<init>(Theater.java:20) ~[main/:na]
	at cinema.Theater.availableSeats(Theater.java:27) ~[main/:na]
	at cinema.Theater.<init>(Theater.java:20) ~[main/:na]
	at cinema.Theater.availableSeats(Theater.java:27) ~[main/:na]
	at cinema.Theater.<init>(Theater.java:20) ~[main/:na]
	at cinema.Theater.availableSeats(Theater.java:27) ~[main/:na]
	at cinema.Theater.<init>(Theater.java:20) ~[main/:na]
	at cinema.Theater.availableSeats(Theater.java:27) ~[main/:na]
	at cinema.Theater.<init>(Theater.java:20) ~[main/:na]
	at cinema.Theater.availableSeats(Theater.java:27) ~[main/:na]
	at cinema.Theater.<init>(Theater.java:20) ~[main/:na]
	at cinema.Theater.availableSeats(Theater.java:27) ~[main/:na]
	at cinema.Theater.<init>(Theater.java:20) ~[main/:na]
	at cinema.Theater.availableSeats(Theater.java:27) ~[main/:na]
	at cinema.Theater.<init>(Theater.java:20) ~[main/:na]
	at cinema.Theater.availableSeats(Theater.java:27) ~[main/:na]
	at cinema.Theater.<init>(Theater.java:20) ~[main/:na]
	at cinema.Theater.availableSeats(Theater.java:27) ~[main/:na]
	at cinema.Theater.<init>(Theater.java:20) ~[main/:na]
	at cinema.Theater.availableSeats(Theater.java:27) ~[main/:na]
	at cinema.Theater.<init>(Theater.java:20) ~[main/:na]
	at cinema.Theater.availableSeats(Theater.java:27) ~[main/:na]
	at cinema.Theater.<init>(Theater.java:20) ~[main/:na]
	at cinema.Theater.availableSeats(Theater.java:27) ~[main/:na]
	at cinema.Theater.<init>(Theater.java:20) ~[main/:na]
	at cinema.Theater.availableSeats(Theater.java:27) ~[main/:na]
	at cinema.Theater.<init>(Theater.java:20) ~[main/:na]
	at cinema.Theater.availableSeats(Theater.java:27) ~[main/:na]
	at cinema.Theater.<init>(Theater.java:20) ~[main/:na]
	at cinema.Theater.availableSeats(Theater.java:27) ~[main/:na]
	at cinema.Theater.<init>(Theater.java:20) ~[main/:na]
	at cinema.Theater.availableSeats(Theater.java:27) ~[main/:na]
	at cinema.Theater.<init>(Theater.java:20) ~[main/:na]
	at cinema.Theater.availableSeats(Theater.java:27) ~[main/:na]
	at cinema.Theater.<init>(Theater.java:20) ~[main/:na]
	at cinema.Theater.availableSeats(Theater.java:27) ~[main/:na]
	at cinema.Theater.<init>(Theater.java:20) ~[main/:na]
	at cinema.Theater.availableSeats(Theater.java:27) ~[main/:na]
	at cinema.Theater.<init>(Theater.java:20) ~[main/:na]
	at cinema.Theater.availableSeats(Theater.java:27) ~[main/:na]
	at cinema.Theater.<init>(Theater.java:20) ~[main/:na]
	at cinema.Theater.availableSeats(Theater.java:27) ~[main/:na]
	at cinema.Theater.<init>(Theater.java:20) ~[main/:na]
	at cinema.Theater.availableSeats(Theater.java:27) ~[main/:na]
	at cinema.Theater.<init>(Theater.java:20) ~[main/:na]
	at cinema.Theater.availableSeats(Theater.java:27) ~[main/:na]
	at cinema.Theater.<init>(Theater.java:20) ~[main/:na]
	at cinema.Theater.availableSeats(Theater.java:27) ~[main/:na]
	at cinema.Theater.<init>(Theater.java:20) ~[main/:na]
	at cinema.Theater.availableSeats(Theater.java:27) ~[main/:na]
	at cinema.Theater.<init>(Theater.java:20) ~[main/:na]
	at cinema.Theater.availableSeats(Theater.java:27) ~[main/:na]
	at cinema.Theater.<init>(Theater.java:20) ~[main/:na]
	at cinema.Theater.availableSeats(Theater.java:27) ~[main/:na]
	at cinema.Theater.<init>(Theater.java:20) ~[main/:na]
	at cinema.Theater.availableSeats(Theater.java:27) ~[main/:na]
	at cinema.Theater.<init>(Theater.java:20) ~[main/:na]
	at cinema.Theater.availableSeats(Theater.java:27) ~[main/:na]
	at cinema.Theater.<init>(Theater.java:20) ~[main/:na]
	at cinema.Theater.availableSeats(Theater.java:27) ~[main/:na]
	at cinema.Theater.<init>(Theater.java:20) ~[main/:na]
	at cinema.Theater.availableSeats(Theater.java:27) ~[main/:na]
	at cinema.Theater.<init>(Theater.java:20) ~[main/:na]
	at cinema.Theater.availableSeats(Theater.java:27) ~[main/:na]
	at cinema.Theater.<init>(Theater.java:20) ~[main/:na]
	at cinema.Theater.availableSeats(Theater.java:27) ~[main/:na]
	at cinema.Theater.<init>(Theater.java:20) ~[main/:na]
	at cinema.Theater.availableSeats(Theater.java:27) ~[main/:na]
	at cinema.Theater.<init>(Theater.java:20) ~[main/:na]
	at cinema.Theater.availableSeats(Theater.java:27) ~[main/:na]
	at cinema.Theater.<init>(Theater.java:20) ~[main/:na]

]]></system-out>
  <system-err><![CDATA[]]></system-err>
</testsuite>
